[    0.000000] Initializing cgroup subsys cpuset
[    0.000000] Initializing cgroup subsys cpu
[    0.000000] Initializing cgroup subsys cpuacct
[    0.000000] Linux version 4.4.0-210-generic (buildd@lgw01-amd64-009) (gcc version 5.4.0 20160609 (Ubuntu 5.4.0-6ubuntu1~16.04.12) ) #242-Ubuntu SMP Fri Apr 16 09:57:56 UTC 2021 (Ubuntu 4.4.0-210.242-generic 4.4.262)
[    0.000000] Command line: BOOT_IMAGE=/boot/vmlinuz-4.4.0-210-generic root=LABEL=cloudimg-rootfs ro console=tty1 console=ttyS0
[    0.000000] KERNEL supported cpus:
[    0.000000]   Intel GenuineIntel
[    0.000000]   AMD AuthenticAMD
[    0.000000]   Centaur CentaurHauls
[    0.000000] [Firmware Bug]: TSC doesn't count with P0 frequency!
[    0.000000] x86/fpu: Legacy x87 FPU detected.
[    0.000000] e820: BIOS-provided physical RAM map:
[    0.000000] BIOS-e820: [mem 0x0000000000000000-0x000000000009fbff] usable
[    0.000000] BIOS-e820: [mem 0x000000000009fc00-0x000000000009ffff] reserved
[    0.000000] BIOS-e820: [mem 0x00000000000f0000-0x00000000000fffff] reserved
[    0.000000] BIOS-e820: [mem 0x0000000000100000-0x000000003ffeffff] usable
[    0.000000] BIOS-e820: [mem 0x000000003fff0000-0x000000003fffffff] ACPI data
[    0.000000] BIOS-e820: [mem 0x00000000fec00000-0x00000000fec00fff] reserved
[    0.000000] BIOS-e820: [mem 0x00000000fee00000-0x00000000fee00fff] reserved
[    0.000000] BIOS-e820: [mem 0x00000000fffc0000-0x00000000ffffffff] reserved
[    0.000000] NX (Execute Disable) protection: active
[    0.000000] SMBIOS 2.5 present.
[    0.000000] Hypervisor detected: KVM
[    0.000000] Kernel/User page tables isolation: disabled
[    0.000000] e820: last_pfn = 0x3fff0 max_arch_pfn = 0x400000000
[    0.000000] MTRR: Disabled
[    0.000000] x86/PAT: MTRRs disabled, skipping PAT initialization too.
[    0.000000] CPU MTRRs all blank - virtualized system.
[    0.000000] x86/PAT: Configuration [0-7]: WB  WT  UC- UC  WB  WT  UC- UC  
[    0.000000] found SMP MP-table at [mem 0x0009fff0-0x0009ffff] mapped at [ffff88000009fff0]
[    0.000000] Scanning 1 areas for low memory corruption
[    0.000000] RAMDISK: [mem 0x362dc000-0x37165fff]
[    0.000000] ACPI: Early table checksum verification disabled
[    0.000000] ACPI: RSDP 0x00000000000E0000 000024 (v02 VBOX  )
[    0.000000] ACPI: XSDT 0x000000003FFF0030 00003C (v01 VBOX   VBOXXSDT 00000001 ASL  00000061)
[    0.000000] ACPI: FACP 0x000000003FFF00F0 0000F4 (v04 VBOX   VBOXFACP 00000001 ASL  00000061)
[    0.000000] ACPI: DSDT 0x000000003FFF0470 002325 (v02 VBOX   VBOXBIOS 00000002 INTL 20100528)
[    0.000000] ACPI: FACS 0x000000003FFF0200 000040
[    0.000000] ACPI: FACS 0x000000003FFF0200 000040
[    0.000000] ACPI: APIC 0x000000003FFF0240 00005C (v02 VBOX   VBOXAPIC 00000001 ASL  00000061)
[    0.000000] ACPI: SSDT 0x000000003FFF02A0 0001CC (v01 VBOX   VBOXCPUT 00000002 INTL 20100528)
[    0.000000] No NUMA configuration found
[    0.000000] Faking a node at [mem 0x0000000000000000-0x000000003ffeffff]
[    0.000000] NODE_DATA(0) allocated [mem 0x3ffeb000-0x3ffeffff]
[    0.000000] kvm-clock: Using msrs 4b564d01 and 4b564d00
[    0.000000] kvm-clock: cpu 0, msr 0:3ffe3001, primary cpu clock
[    0.000000] kvm-clock: using sched offset of 4381412654 cycles
[    0.000000] clocksource: kvm-clock: mask: 0xffffffffffffffff max_cycles: 0x1cd42e4dffb, max_idle_ns: 881590591483 ns
[    0.000000] Zone ranges:
[    0.000000]   DMA      [mem 0x0000000000001000-0x0000000000ffffff]
[    0.000000]   DMA32    [mem 0x0000000001000000-0x000000003ffeffff]
[    0.000000]   Normal   empty
[    0.000000]   Device   empty
[    0.000000] Movable zone start for each node
[    0.000000] Early memory node ranges
[    0.000000]   node   0: [mem 0x0000000000001000-0x000000000009efff]
[    0.000000]   node   0: [mem 0x0000000000100000-0x000000003ffeffff]
[    0.000000] Initmem setup node 0 [mem 0x0000000000001000-0x000000003ffeffff]
[    0.000000] ACPI: PM-Timer IO Port: 0x4008
[    0.000000] IOAPIC[0]: apic_id 2, version 32, address 0xfec00000, GSI 0-23
[    0.000000] ACPI: INT_SRC_OVR (bus 0 bus_irq 0 global_irq 2 dfl dfl)
[    0.000000] ACPI: INT_SRC_OVR (bus 0 bus_irq 9 global_irq 9 low level)
[    0.000000] Using ACPI (MADT) for SMP configuration information
[    0.000000] smpboot: Allowing 2 CPUs, 0 hotplug CPUs
[    0.000000] PM: Registered nosave memory: [mem 0x00000000-0x00000fff]
[    0.000000] PM: Registered nosave memory: [mem 0x0009f000-0x0009ffff]
[    0.000000] PM: Registered nosave memory: [mem 0x000a0000-0x000effff]
[    0.000000] PM: Registered nosave memory: [mem 0x000f0000-0x000fffff]
[    0.000000] e820: [mem 0x40000000-0xfebfffff] available for PCI devices
[    0.000000] Booting paravirtualized kernel on KVM
[    0.000000] clocksource: refined-jiffies: mask: 0xffffffff max_cycles: 0xffffffff, max_idle_ns: 7645519600211568 ns
[    0.000000] setup_percpu: NR_CPUS:512 nr_cpumask_bits:512 nr_cpu_ids:2 nr_node_ids:1
[    0.000000] PERCPU: Embedded 33 pages/cpu @ffff88003fc00000 s95192 r8192 d31784 u1048576
[    0.000000] Built 1 zonelists in Node order, mobility grouping on.  Total pages: 257912
[    0.000000] Policy zone: DMA32
[    0.000000] Kernel command line: BOOT_IMAGE=/boot/vmlinuz-4.4.0-210-generic root=LABEL=cloudimg-rootfs ro console=tty1 console=ttyS0
[    0.000000] PID hash table entries: 4096 (order: 3, 32768 bytes)
[    0.000000] Memory: 997792K/1048120K available (8644K kernel code, 1332K rwdata, 4044K rodata, 1492K init, 1164K bss, 50328K reserved, 0K cma-reserved)
[    0.000000] SLUB: HWalign=64, Order=0-3, MinObjects=0, CPUs=2, Nodes=1
[    0.000000] Hierarchical RCU implementation.
[    0.000000] 	Build-time adjustment of leaf fanout to 64.
[    0.000000] 	RCU restricting CPUs from NR_CPUS=512 to nr_cpu_ids=2.
[    0.000000] RCU: Adjusting geometry for rcu_fanout_leaf=64, nr_cpu_ids=2
[    0.000000] NR_IRQS:33024 nr_irqs:440 16
[    0.000000] Console: colour VGA+ 80x25
[    0.000000] console [tty1] enabled
[    0.000000] console [ttyS0] enabled
[    0.000000] tsc: Detected 3194.048 MHz processor
[    0.735559] Calibrating delay loop (skipped) preset value.. 6388.09 BogoMIPS (lpj=12776192)
[    0.745604] pid_max: default: 32768 minimum: 301
[    0.750915] ACPI: Core revision 20150930
[    0.757436] ACPI: 2 ACPI AML tables successfully acquired and loaded
[    0.766087] Security Framework initialized
[    0.771878] Yama: becoming mindful.
[    0.777174] AppArmor: AppArmor initialized
[    0.782739] Dentry cache hash table entries: 131072 (order: 8, 1048576 bytes)
[    0.798859] Inode-cache hash table entries: 65536 (order: 7, 524288 bytes)
[    0.812495] Mount-cache hash table entries: 2048 (order: 2, 16384 bytes)
[    0.821970] Mountpoint-cache hash table entries: 2048 (order: 2, 16384 bytes)
[    0.833539] Initializing cgroup subsys io
[    0.839169] Initializing cgroup subsys memory
[    0.845576] Initializing cgroup subsys devices
[    0.853018] Initializing cgroup subsys freezer
[    0.858771] Initializing cgroup subsys net_cls
[    0.864740] Initializing cgroup subsys perf_event
[    0.872343] Initializing cgroup subsys net_prio
[    0.879822] Initializing cgroup subsys hugetlb
[    0.886608] Initializing cgroup subsys pids
[    0.893073] mce: CPU supports 0 MCE banks
[    0.898026] Last level iTLB entries: 4KB 1024, 2MB 1024, 4MB 512
[    0.905259] Last level dTLB entries: 4KB 1536, 2MB 1536, 4MB 768, 1GB 0
[    0.915578] Spectre V1 : Mitigation: usercopy/swapgs barriers and __user pointer sanitization
[    0.929750] Spectre V2 : Spectre mitigation: LFENCE not serializing, switching to generic retpoline
[    0.942443] Spectre V2 : Mitigation: Full generic retpoline
[    0.949016] Spectre V2 : Spectre v2 / SpectreRSB mitigation: Filling RSB on context switch
[    1.010276] Freeing SMP alternatives memory: 36K
[    1.131057] ftrace: allocating 32380 entries in 127 pages
[    2.011286] smpboot: APIC(0) Converting physical 0 to logical package 0
[    2.023659] smpboot: Max logical packages: 1
[    2.049048] ..TIMER: vector=0x30 apic1=0 pin1=2 apic2=-1 pin2=-1
[    2.166281] smpboot: CPU0: AMD Ryzen 5 1600 Six-Core Processor (family: 0x17, model: 0x1, stepping: 0x1)
[    2.184957] Performance Events: Broken PMU hardware detected, using software events only.
[    2.196277] Failed to access perfctr msr (MSR c0010007 is 0)
[    2.332360] KVM setup paravirtual spinlock
[    2.340384] x86: Booting SMP configuration:
[    2.345318] .... node  #0, CPUs:      #1
[    2.351967] kvm-clock: cpu 1, msr 0:3ffe3041, secondary cpu clock
[    2.358616] mce: CPU supports 0 MCE banks
[    2.363122] TSC synchronization [CPU#0 -> CPU#1]:
[    2.368536] Measured 108448 cycles TSC warp between CPUs, turning off TSC clock.
[    2.376653] tsc: Marking TSC unstable due to check_tsc_sync_source failed
[    0.643042] x86: Booted up 1 node, 2 CPUs
[    0.644005] smpboot: Total of 2 processors activated (12776.19 BogoMIPS)
[    0.653038] devtmpfs: initialized
[    0.662040] evm: security.selinux
[    0.664006] evm: security.SMACK64
[    0.668003] evm: security.SMACK64EXEC
[    0.672009] evm: security.SMACK64TRANSMUTE
[    0.676008] evm: security.SMACK64MMAP
[    0.680003] evm: security.ima
[    0.684005] evm: security.capability
[    0.688666] clocksource: jiffies: mask: 0xffffffff max_cycles: 0xffffffff, max_idle_ns: 7645041785100000 ns
[    0.692187] futex hash table entries: 512 (order: 3, 32768 bytes)
[    0.696518] pinctrl core: initialized pinctrl subsystem
[    0.700524] RTC time: 10:37:27, date: 02/08/23
[    0.705166] NET: Registered protocol family 16
[    0.720019] cpuidle: using governor ladder
[    0.736022] cpuidle: using governor menu
[    0.740160] PCCT header not found.
[    0.748885] ACPI: bus type PCI registered
[    0.752008] acpiphp: ACPI Hot Plug PCI Controller Driver version: 0.5
[    0.756674] PCI: Using configuration type 1 for base access
[    0.760006] PCI: Using configuration type 1 for extended access
[    0.788282] ACPI: Added _OSI(Module Device)
[    0.792007] ACPI: Added _OSI(Processor Device)
[    0.796010] ACPI: Added _OSI(3.0 _SCP Extensions)
[    0.800009] ACPI: Added _OSI(Processor Aggregator Device)
[    0.808235] ACPI: Executed 1 blocks of module-level executable AML code
[    0.818961] ACPI: Interpreter enabled
[    0.820030] ACPI: (supports S0 S5)
[    0.828010] ACPI: Using IOAPIC for interrupt routing
[    0.832477] PCI: Using host bridge windows from ACPI; if necessary, use "pci=nocrs" and report a bug
[    0.847284] ACPI: PCI Root Bridge [PCI0] (domain 0000 [bus 00-ff])
[    0.848025] acpi PNP0A03:00: _OSC: OS supports [ExtendedConfig ASPM ClockPM Segments MSI]
[    0.856423] acpi PNP0A03:00: _OSC: platform does not support [PCIeCapability]
[    0.860957] acpi PNP0A03:00: _OSC: not requesting control; platform does not support [PCIeCapability]
[    0.864013] acpi PNP0A03:00: _OSC: OS requested [PCIeHotplug PME AER PCIeCapability]
[    0.868013] acpi PNP0A03:00: _OSC: platform willing to grant [PCIeHotplug PME AER]
[    0.872012] acpi PNP0A03:00: _OSC failed (AE_SUPPORT); disabling ASPM
[    0.876969] PCI host bridge to bus 0000:00
[    0.884020] pci_bus 0000:00: root bus resource [io  0x0000-0x0cf7 window]
[    0.888011] pci_bus 0000:00: root bus resource [io  0x0d00-0xffff window]
[    0.892014] pci_bus 0000:00: root bus resource [mem 0x000a0000-0x000bffff window]
[    0.896010] pci_bus 0000:00: root bus resource [mem 0x40000000-0xfdffffff window]
[    0.900012] pci_bus 0000:00: root bus resource [bus 00-ff]
[    0.916096] pci 0000:00:01.1: legacy IDE quirk: reg 0x10: [io  0x01f0-0x01f7]
[    0.920011] pci 0000:00:01.1: legacy IDE quirk: reg 0x14: [io  0x03f6]
[    0.924010] pci 0000:00:01.1: legacy IDE quirk: reg 0x18: [io  0x0170-0x0177]
[    0.928010] pci 0000:00:01.1: legacy IDE quirk: reg 0x1c: [io  0x0376]
[    0.959404] pci 0000:00:07.0: quirk: [io  0x4000-0x403f] claimed by PIIX4 ACPI
[    0.960061] pci 0000:00:07.0: quirk: [io  0x4100-0x410f] claimed by PIIX4 SMB
[    0.977153] ACPI: PCI Interrupt Link [LNKA] (IRQs 5 9 10 *11)
[    0.984657] ACPI: PCI Interrupt Link [LNKB] (IRQs 5 9 *10 11)
[    0.992975] ACPI: PCI Interrupt Link [LNKC] (IRQs 5 *9 10 11)
[    1.000277] ACPI: PCI Interrupt Link [LNKD] (IRQs 5 9 10 *11)
[    1.010242] ACPI: Enabled 2 GPEs in block 00 to 07
[    1.012294] vgaarb: setting as boot device: PCI:0000:00:02.0
[    1.016000] vgaarb: device added: PCI:0000:00:02.0,decodes=io+mem,owns=io+mem,locks=none
[    1.016013] vgaarb: loaded
[    1.020006] vgaarb: bridge control possible 0000:00:02.0
[    1.024456] SCSI subsystem initialized
[    1.032108] ACPI: bus type USB registered
[    1.036044] usbcore: registered new interface driver usbfs
[    1.040073] usbcore: registered new interface driver hub
[    1.044075] usbcore: registered new device driver usb
[    1.052003] PCI: Using ACPI for IRQ routing
[    1.065236] NetLabel: Initializing
[    1.072009] NetLabel:  domain hash size = 128
[    1.084006] NetLabel:  protocols = UNLABELED CIPSOv4
[    1.092026] NetLabel:  unlabeled traffic allowed by default
[    1.100184] amd_nb: Cannot enumerate AMD northbridges
[    1.108239] clocksource: Switched to clocksource kvm-clock
[    1.156037] AppArmor: AppArmor Filesystem Enabled
[    1.164186] pnp: PnP ACPI init
[    1.170523] pnp: PnP ACPI: found 3 devices
[    1.225601] clocksource: acpi_pm: mask: 0xffffff max_cycles: 0xffffff, max_idle_ns: 2085701024 ns
[    1.236695] NET: Registered protocol family 2
[    1.243338] TCP established hash table entries: 8192 (order: 4, 65536 bytes)
[    1.252368] TCP bind hash table entries: 8192 (order: 5, 131072 bytes)
[    1.261215] TCP: Hash tables configured (established 8192 bind 8192)
[    1.269788] UDP hash table entries: 512 (order: 2, 16384 bytes)
[    1.277071] UDP-Lite hash table entries: 512 (order: 2, 16384 bytes)
[    1.284760] NET: Registered protocol family 1
[    1.290457] pci 0000:00:00.0: Limiting direct PCI/PCI transfers
[    1.297719] pci 0000:00:01.0: Activating ISA DMA hang workarounds
[    1.305751] Unpacking initramfs...
[    1.720107] Freeing initrd memory: 14888K
[    1.763906] clocksource: tsc: mask: 0xffffffffffffffff max_cycles: 0x2e0a536298c, max_idle_ns: 440795287072 ns
[    1.810800] platform rtc_cmos: registered platform RTC device (no PNP device found)
[    1.841708] Scanning for low memory corruption every 60 seconds
[    1.856463] audit: initializing netlink subsys (disabled)
[    1.864763] audit: type=2000 audit(1675852652.940:1): initialized
[    1.873229] Initialise system trusted keyring
[    1.883463] HugeTLB registered 2 MB page size, pre-allocated 0 pages
[    1.899205] zbud: loaded
[    1.906345] VFS: Disk quotas dquot_6.6.0
[    1.912443] VFS: Dquot-cache hash table entries: 512 (order 0, 4096 bytes)
[    1.922050] squashfs: version 4.0 (2009/01/31) Phillip Lougher
[    1.931093] fuse init (API version 7.23)
[    1.937816] Key type big_key registered
[    1.943760] Allocating IMA MOK and blacklist keyrings.
[    1.967677] Key type asymmetric registered
[    1.972959] Asymmetric key parser 'x509' registered
[    1.979263] Block layer SCSI generic (bsg) driver version 0.4 loaded (major 249)
[    1.989589] io scheduler noop registered
[    1.995115] io scheduler deadline registered (default)
[    2.001824] io scheduler cfq registered
[    2.007430] pci_hotplug: PCI Hot Plug PCI Core version: 0.5
[    2.015074] pciehp: PCI Express Hot Plug Controller Driver version: 0.4
[    2.023432] ACPI: AC Adapter [AC] (on-line)
[    2.029275] input: Power Button as /devices/LNXSYSTM:00/LNXPWRBN:00/input/input0
[    2.038908] ACPI: Power Button [PWRF]
[    2.044627] input: Sleep Button as /devices/LNXSYSTM:00/LNXSLPBN:00/input/input1
[    2.053563] ACPI: Sleep Button [SLPF]
[    2.059507] GHES: HEST is not enabled!
[    2.065002] Serial: 8250/16550 driver, 32 ports, IRQ sharing enabled
[    2.100803] 00:02: ttyS0 at I/O 0x3f8 (irq = 4, base_baud = 115200) is a 16550A
[    2.133924] Linux agpgart interface v0.103
[    2.161496] loop: module loaded
[    2.170606] scsi host0: ata_piix
[    2.177233] scsi host1: ata_piix
[    2.181945] ata1: PATA max UDMA/33 cmd 0x1f0 ctl 0x3f6 bmdma 0xd000 irq 14
[    2.185757] ata2: PATA max UDMA/33 cmd 0x170 ctl 0x376 bmdma 0xd008 irq 15
[    2.200683] libphy: Fixed MDIO Bus: probed
[    2.206277] tun: Universal TUN/TAP device driver, 1.6
[    2.213359] tun: (C) 1999-2004 Max Krasnyansky <maxk@qualcomm.com>
[    2.222985] PPP generic driver version 2.4.2
[    2.229178] ehci_hcd: USB 2.0 'Enhanced' Host Controller (EHCI) Driver
[    2.237324] ehci-pci: EHCI PCI platform driver
[    2.243267] ehci-platform: EHCI generic platform driver
[    2.250008] ohci_hcd: USB 1.1 'Open' Host Controller (OHCI) Driver
[    2.257181] ohci-pci: OHCI PCI platform driver
[    2.262475] ohci-platform: OHCI generic platform driver
[    2.268550] uhci_hcd: USB Universal Host Controller Interface driver
[    2.276846] i8042: PNP: PS/2 Controller [PNP0303:PS2K,PNP0f03:PS2M] at 0x60,0x64 irq 1,12
[    2.291538] serio: i8042 KBD port at 0x60,0x64 irq 1
[    2.293265] serio: i8042 AUX port at 0x60,0x64 irq 12
[    2.304865] mousedev: PS/2 mouse device common for all mice
[    2.316275] rtc_cmos rtc_cmos: rtc core: registered rtc_cmos as rtc0
[    2.325346] rtc_cmos rtc_cmos: alarms up to one day, 114 bytes nvram
[    2.333238] i2c /dev entries driver
[    2.338223] device-mapper: uevent: version 1.0.3
[    2.346014] device-mapper: ioctl: 4.34.0-ioctl (2015-10-28) initialised: dm-devel@redhat.com
[    2.396306] ledtrig-cpu: registered to indicate activity on CPUs
[    2.404667] NET: Registered protocol family 10
[    2.410738] NET: Registered protocol family 17
[    2.417542] Key type dns_resolver registered
[    2.423480] registered taskstats version 1
[    2.428979] Loading compiled-in X.509 certificates
[    2.436409] input: AT Translated Set 2 keyboard as /devices/platform/i8042/serio0/input/input2
[    2.441073] Loaded X.509 cert 'Build time autogenerated kernel key: cf00e047681d67edb2720680708b7d9498083038'
[    2.441114] zswap: loaded using pool lzo/zbud
[    2.443772] Key type trusted registered
[    2.447589] Key type encrypted registered
[    2.447595] AppArmor: AppArmor sha1 policy hashing enabled
[    2.447597] ima: No TPM chip found, activating TPM-bypass!
[    2.447601] ima: Allocated hash algorithm: sha1
[    2.447611] evm: HMAC attrs: 0x1
[    2.448776]   Magic number: 11:216:628
[    2.460280] rtc_cmos rtc_cmos: setting system clock to 2023-02-08 10:37:29 UTC (1675852649)
[    2.460421] BIOS EDD facility v0.16 2004-Jun-25, 0 devices found
[    2.460422] EDD information not available.
[    2.531837] Freeing unused kernel memory: 1492K
[    2.552417] Write protecting the kernel read-only data: 14336k
[    2.562186] Freeing unused kernel memory: 1584K
[    2.569229] Freeing unused kernel memory: 52K
Loading, please wait...
starting version 229
[    2.609728] random: udevadm: uninitialized urandom read (16 bytes read, 5 bits of entropy available)
[    2.609912] random: systemd-udevd: uninitialized urandom read (16 bytes read, 5 bits of entropy available)
[    2.609971] random: systemd-udevd: uninitialized urandom read (16 bytes read, 5 bits of entropy available)
[    2.609980] random: systemd-udevd: uninitialized urandom read (16 bytes read, 5 bits of entropy available)
[    2.609991] random: systemd-udevd: uninitialized urandom read (16 bytes read, 5 bits of entropy available)
[    2.670050] random: udevadm: uninitialized urandom read (16 bytes read, 5 bits of entropy available)
[    2.692758] random: systemd-udevd: uninitialized urandom read (16 bytes read, 5 bits of entropy available)
[    2.696296] random: udevadm: uninitialized urandom read (16 bytes read, 5 bits of entropy available)
[    2.696333] random: udevadm: uninitialized urandom read (16 bytes read, 5 bits of entropy available)
[    2.696638] random: udevadm: uninitialized urandom read (16 bytes read, 5 bits of entropy available)
[    2.778430] e1000: Intel(R) PRO/1000 Network Driver - version 7.3.21-k8-NAPI
[    2.781015] e1000: Copyright (c) 1999-2006 Intel Corporation.
[    2.820472] Fusion MPT base driver 3.04.20
[    2.826225] Copyright (c) 1999-2008 LSI Corporation
[    2.849550] Fusion MPT SPI Host driver 3.04.20
[    3.209871] input: ImExPS/2 Generic Explorer Mouse as /devices/platform/i8042/serio1/input/input4
[    3.793038] e1000 0000:00:03.0 eth0: (PCI:33MHz:32-bit) 02:be:82:6b:cc:1d
[    3.802364] e1000 0000:00:03.0 eth0: Intel(R) PRO/1000 Network Connection
[    3.815165] mptbase: ioc0: Initiating bringup
[    4.884007] ioc0: LSI53C1030 A0: Capabilities={Initiator}
[    5.607043] scsi host2: ioc0: LSI53C1030 A0, FwRev=00000000h, Ports=1, MaxQ=256, IRQ=20
[    5.734718] scsi 2:0:0:0: Direct-Access     VBOX     HARDDISK         1.0  PQ: 0 ANSI: 5
[    5.747391] scsi target2:0:0: Beginning Domain Validation
[    5.765061] scsi target2:0:0: Domain Validation skipping write tests
[    5.774588] scsi target2:0:0: Ending Domain Validation
[    5.783353] scsi target2:0:0: asynchronous
[    5.793456] scsi 2:0:1:0: Direct-Access     VBOX     HARDDISK         1.0  PQ: 0 ANSI: 5
[    5.808037] scsi target2:0:1: Beginning Domain Validation
[    5.826270] scsi target2:0:1: Domain Validation skipping write tests
[    5.837167] scsi target2:0:1: Ending Domain Validation
[    5.845039] scsi target2:0:1: asynchronous
[    5.886914] sd 2:0:0:0: Attached scsi generic sg0 type 0
[    5.893638] sd 2:0:1:0: Attached scsi generic sg1 type 0
[    5.900261] sd 2:0:0:0: [sda] 83886080 512-byte logical blocks: (42.9 GB/40.0 GiB)
[    5.909936] sd 2:0:1:0: [sdb] 20480 512-byte logical blocks: (10.5 MB/10.0 MiB)
[    5.920003] sd 2:0:0:0: [sda] Write Protect is off
[    5.931347] sd 2:0:1:0: [sdb] Write Protect is off
[    5.938033] sd 2:0:0:0: [sda] Incomplete mode parameter data
[    5.945135] sd 2:0:0:0: [sda] Assuming drive cache: write through
[    5.953008] sd 2:0:1:0: [sdb] Incomplete mode parameter data
[    5.969266] sd 2:0:1:0: [sdb] Assuming drive cache: write through
[    6.005183]  sda: sda1
[    6.132410] sd 2:0:0:0: [sda] Attached SCSI disk
[    6.156924] sd 2:0:1:0: [sdb] Attached SCSI disk
[    7.538385] e1000 0000:00:08.0 eth1: (PCI:33MHz:32-bit) 08:00:27:3d:40:3b
[    7.549254] e1000 0000:00:08.0 eth1: Intel(R) PRO/1000 Network Connection
[    7.563895] e1000 0000:00:08.0 enp0s8: renamed from eth1
[    7.588807] e1000 0000:00:03.0 enp0s3: renamed from eth0
Begin: Loading essential drivers ... [   10.087656] md: linear personality registered for level -1
[   10.099352] md: multipath personality registered for level -4
[   10.112927] md: raid0 personality registered for level 0
[   10.135164] md: raid1 personality registered for level 1
[   10.212389] raid6: sse2x1   gen()  6438 MB/s
[   10.284738] raid6: sse2x1   xor()  6540 MB/s
[   10.356140] raid6: sse2x2   gen() 12943 MB/s
[   10.428435] raid6: sse2x2   xor()  4768 MB/s
[   10.500917] raid6: sse2x4   gen()  9765 MB/s
[   10.572299] raid6: sse2x4   xor()  5520 MB/s
[   10.579690] raid6: using algorithm sse2x2 gen() 12943 MB/s
[   10.588842] raid6: .... xor() 4768 MB/s, rmw enabled
[   10.595244] raid6: using ssse3x2 recovery algorithm
[   10.605684] xor: measuring software checksum speed
[   15.715253]    prefetch64-sse: -1271185.-296 MB/sec
[   15.822357]    generic_sse: 26005.000 MB/sec
[   15.831491] xor: using function: generic_sse (26005.000 MB/sec)
[   15.843418] async_tx: api initialized (async)
[   15.903448] md: raid6 personality registered for level 6
[   15.910511] md: raid5 personality registered for level 5
[   15.917719] md: raid4 personality registered for level 4
[   15.949809] md: raid10 personality registered for level 10
done.
Begin: Running /scripts/init-premount ... done.
Begin: Mounting root file system ... Begin: Running /scripts/local-top ... done.
Begin: Running /scripts/local-premount ... [   16.053627] Btrfs loaded
Scanning for Btrfs filesystems
done.
Warning: fsck not present, so skipping root file system
[   16.125562] EXT4-fs (sda1): mounted filesystem with ordered data mode. Opts: (null)
done.
Begin: Running /scripts/local-bottom ... done.
Begin: Running /scripts/init-bottom ... done.
[   16.371404] systemd[1]: systemd 229 running in system mode. (+PAM +AUDIT +SELINUX +IMA +APPARMOR +SMACK +SYSVINIT +UTMP +LIBCRYPTSETUP +GCRYPT +GNUTLS +ACL +XZ -LZ4 +SECCOMP +BLKID +ELFUTILS +KMOD -IDN)
[   16.392044] systemd[1]: Detected virtualization oracle.
[   16.398620] systemd[1]: Detected architecture x86-64.

Welcome to [1mUbuntu 16.04.7 LTS[0m!

[   16.420320] systemd[1]: Set hostname to <ubuntu-xenial>.
[   16.679894] systemd[1]: Listening on fsck to fsckd communication Socket.
[[0;32m  OK  [0m] Listening on fsck to fsckd communication Socket.
[   16.695879] systemd[1]: Listening on Journal Socket (/dev/log).
[[0;32m  OK  [0m] Listening on Journal Socket (/dev/log).
[   16.713656] systemd[1]: Reached target User and Group Name Lookups.
[[0;32m  OK  [0m] Reached target User and Group Name Lookups.
[   16.730223] systemd[1]: Set up automount Arbitrary Executable File Formats File System Automount Point.
[[0;32m  OK  [0m] Set up automount Arbitrary Executab...ats File System Automount Point.
[   16.750427] systemd[1]: Reached target System Time Synchronized.
[[0;32m  OK  [0m] Reached target System Time Synchronized.
[   16.765601] systemd[1]: Reached target Encrypted Volumes.
[[0;32m  OK  [0m] Reached target Encrypted Volumes.
[   16.779820] systemd[1]: Listening on Journal Audit Socket.
[[0;32m  OK  [0m] Listening on Journal Audit Socket.
[   16.794384] systemd[1]: Created slice System Slice.
[[0;32m  OK  [0m] Created slice System Slice.
[   16.810493] systemd[1]: Created slice system-serial\x2dgetty.slice.
[[0;32m  OK  [0m] Created slice system-serial\x2dgetty.slice.
[   16.826134] systemd[1]: Listening on Device-mapper event daemon FIFOs.
[[0;32m  OK  [0m] Listening on Device-mapper event daemon FIFOs.
[   16.841875] systemd[1]: Listening on udev Control Socket.
[[0;32m  OK  [0m] Listening on udev Control Socket.
[   16.856049] systemd[1]: Started Trigger resolvconf update for networkd DNS.
[[0;32m  OK  [0m] Started Trigger resolvconf update for networkd DNS.
[   16.872996] systemd[1]: Created slice User and Session Slice.
[[0;32m  OK  [0m] Created slice User and Session Slice.
[   16.887950] systemd[1]: Reached target Slices.
[[0;32m  OK  [0m] Reached target Slices.
[   16.901107] systemd[1]: Listening on Journal Socket.
[[0;32m  OK  [0m] Listening on Journal Socket.
[   16.925219] systemd[1]: Starting Uncomplicated firewall...
         Starting Uncomplicated firewall...
[   16.938700] systemd[1]: Starting Load Kernel Modules...
         Starting Load Kernel Modules...
[   16.957264] systemd[1]: Mounting POSIX Message Queue File System...
         Mounting POSIX Message Queue File System...
[   16.973429] systemd[1]: Mounting Debug File System...
[   16.982714] Loading iSCSI transport class v2.0-870.
         Mounting Debug File System...
[   16.998001] systemd[1]: Starting Set console keymap...
         Starting Set console keymap...
[   17.013021] systemd[1]: Starting Create list of required static device nodes for the current kernel...
[   17.025874] iscsi: registered transport (tcp)
         Starting Create list of required st... nodes for the current kernel...
[   17.041051] systemd[1]: Listening on LVM2 poll daemon socket.
[[0;32m  OK  [0m] Listening on LVM2 poll daemon socket.
[   17.055592] systemd[1]: Reached target Swap.
[[0;32m  OK  [0m] Reached target Swap.
[   17.066362] systemd[1]: Listening on Syslog Socket.
[[0;32m  OK  [0m] Listening on Syslog Socket.
[   17.088564] systemd[1]: Starting Journal Service...
         Starting Journal Service...
[   17.103822] systemd[1]: Starting File System Check on Root Device...
[   17.112261] random: nonblocking pool is initialized
         Starting File System Check on Root Device...
[   17.125009] systemd[1]: Listening on udev Kernel Socket.
[[0;32m  OK  [0m] Listening on udev Kernel Socket.
[   17.156476] systemd[1]: Mounting Huge Pages File System...
         Mounting Huge Pages File System...
[   17.169551] systemd[1]: Started Forward Password Requests to Wall Directory Watch.
[[0;32m  OK  [0m] Started Forward Password Requests to Wall Directory Watch.
[   17.206440] systemd[1]: Starting Nameserver information manager...
         Starting Nameserver information manager...
[   17.222018] systemd[1]: Listening on /dev/initctl Compatibility Named Pipe.
[[0;32m  OK  [0m] Listening on /dev/initctl Compatibility Named Pipe.
[   17.242313] systemd[1]: Listening on LVM2 metadata daemon socket.
[   17.251176] iscsi: registered transport (iser)
[[0;32m  OK  [0m] Listening on LVM2 metadata daemon socket.
[   17.280624] systemd[1]: Starting Monitoring of LVM2 mirrors, snapshots etc. using dmeventd or progress polling...
         Starting Monitoring of LVM2 mirrors... dmeventd or progress polling...
[   17.301694] systemd[1]: Mounted Huge Pages File System.
[[0;32m  OK  [0m] Mounted Huge Pages File System.
[   17.321234] systemd[1]: Mounted POSIX Message Queue File System.
[[0;32m  OK  [0m] Mounted POSIX Message Queue File System.
[   17.338884] systemd[1]: Mounted Debug File System.
[[0;32m  OK  [0m] Mounted Debug File System.
[   17.355036] systemd[1]: Started Journal Service.
[[0;32m  OK  [0m] Started Journal Service.
[[0;32m  OK  [0m] Started Uncomplicated firewall.
[[0;32m  OK  [0m] Started Load Kernel Modules.
[[0;32m  OK  [0m] Started Set console keymap.
[[0;32m  OK  [0m] Started Create list of required sta...ce nodes for the current kernel.
[[0;32m  OK  [0m] Started File System Check on Root Device.
[[0;32m  OK  [0m] Started LVM2 metadata daemon.
[[0;32m  OK  [0m] Started File System Check Daemon to report status.
         Starting Remount Root and Kernel File Systems...[   17.433719] EXT4-fs (sda1): re-mounted. Opts: (null)

         Starting Create Static Device Nodes in /dev...
         Mounting FUSE Control File System...
         Starting Apply Kernel Variables...
[[0;32m  OK  [0m] Mounted FUSE Control File System.
[[0;32m  OK  [0m] Started Nameserver information manager.
[[0;32m  OK  [0m] Started Remount Root and Kernel File Systems.
[[0;32m  OK  [0m] Started Create Static Device Nodes in /dev.
[[0;32m  OK  [0m] Started Apply Kernel Variables.
         Starting udev Kernel Device Manager...
         Starting Load/Save Random Seed...
         Starting udev Coldplug all Devices...
         Starting Flush Journal to Persistent Storage...
[[0;32m  OK  [0m] Started Load/Save Random Seed.
[[0;32m  OK  [0m] Started Flush Journal to Persistent Storage.
[[0;32m  OK  [0m] Started udev Kernel Device Manager.
[[0;32m  OK  [0m] Started udev Coldplug all Devices.
[[0;32m  OK  [0m] Started Dispatch Password Requests to Console Directory Watch.
[[0;32m  OK  [0m] Found device /dev/ttyS0.
[[0;32m  OK  [0m] Listening on Load/Save RF Kill Switch Status /dev/rfkill Watch.
[[0;32m  OK  [0m] Started Monitoring of LVM2 mirrors,...ng dmeventd or progress polling.
[[0;32m  OK  [0m] Reached target Local File Systems (Pre).
[[0;32m  OK  [0m] Reached target Local File Systems.
         Starting LSB: AppArmor initialization...
         Starting Tell Plymouth To Write Out Runtime Data...
         Starting Create Volatile Files and Directories...
         Starting Set console font and keymap...
         Starting Initial cloud-init job (pre-networking)...
[[0;32m  OK  [0m] Started Tell Plymouth To Write Out Runtime Data.
[[0;32m  OK  [0m] Started Create Volatile Files and Directories.
         Starting Update UTMP about System Boot/Shutdown...
[[0;32m  OK  [0m] Started Update UTMP about System Boot/Shutdown.
[[0;32m  OK  [0m] Found device 82540EM Gigabit Ethern...r (PRO/1000 MT Desktop Adapter).
[[0;32m  OK  [0m] Started LSB: AppArmor initialization.
         Starting Load AppArmor profiles managed internally by snapd...
[[0;32m  OK  [0m] Started Load AppArmor profiles managed internally by snapd.
[[0;32m  OK  [0m] Started Set console font and keymap.
[[0;32m  OK  [0m] Created slice system-getty.slice.
[   20.411156] cloud-init[642]: Cloud-init v. 21.1-19-gbad84ad4-0ubuntu1~16.04.2 running 'init-local' at Wed, 08 Feb 2023 10:37:47 +0000. Up 20.09 seconds.
[[0;32m  OK  [0m] Started Initial cloud-init job (pre-networking).
[[0;32m  OK  [0m] Reached target Network (Pre).
[[0;32m  OK  [0m] Started ifup for enp0s3.
         Starting Raise network interfaces...
[[0;32m  OK  [0m] Started Raise network interfaces.
         Starting Initial cloud-init job (metadata service crawler)...
[[0;32m  OK  [0m] Reached target Network.
[   21.261313] cloud-init[979]: Cloud-init v. 21.1-19-gbad84ad4-0ubuntu1~16.04.2 running 'init' at Wed, 08 Feb 2023 10:37:48 +0000. Up 20.99 seconds.
[   21.271900] cloud-init[979]: ci-info: ++++++++++++++++++++++++++++++++++++++Net device info+++++++++++++++++++++++++++++++++++++++
[   21.282152] cloud-init[979]: ci-info: +--------+-------+----------------------------+---------------+--------+-------------------+
[   21.292127] cloud-init[979]: ci-info: | Device |   Up  |          Address           |      Mask     | Scope  |     Hw-Address    |
[[0;32m  OK  [0m] Started Initial cloud-init job (metadata service crawler).
[[0;32m  OK  [0m] Reached target System Initialization.
[[0;32m  OK  [0m] Listening on ACPID Listen Socket.
[[0;32m  OK  [0m] Started Daily Cleanup of Temporary Directories.
[[0;32m  OK  [0m] Listening on D-Bus System Message Bus Socket.
         Starting Socket activation for snappy daemon.
[   21.302349] [[0;32m  OK  [0m] Started Daily apt download activities.
cloud-init         Starting LXD - unix socket.
[[0;32m  OK  [0m] Started Daily apt upgrade and clean activities.
[[0;32m  OK  [0m] Listening on UUID daemon activation socket.
[[0;32m  OK  [0m] Started Message of the Day.
[[0;32m  OK  [0m] Started Ubuntu Advantage update messaging.
[[0;32m  OK  [0m] Reached target Timers.
[979]: ci-info: +--------+-------+----------------------------+---------------+--------+-------------------+
[[0;32m  OK  [0m] Started ACPI Events Check.
[   21.339816] [[0;32m  OK  [0m] Reached target Paths.
[[0;32m  OK  [0m] Reached target Cloud-config availability.
[[0;32m  OK  [0m] Reached target Network is Online.
cloud-init[979]: ci-info: | enp0s3 |  True |         10.0.2.15          | 255.255.255.0 | global | 02:be:82:6b:cc:1d |
[   21.361011] cloud-init[979]: ci-info: | enp0s3 |  True | fe80::be:82ff:fe6b:cc1d/64 |       .       |  link  | 02:be:82:6b:cc:1d |
         Starting iSCSI initiator daemon (iscsid)...
[   21.372969] [[0;32m  OK  [0m] Listening on Socket activation for snappy daemon.
[[0;32m  OK  [0m] Listening on LXD - unix socket.
[[0;32m  OK  [0m] Reached target Sockets.
[[0;32m  OK  [0m] Reached target Basic System.
[[0;32m  OK  [0m] Started FUSE filesystem for LXC.
         Starting Accounts Service...
cloud-init[[0;32m  OK  [0m] Started Regular background program processing daemon.
         Starting /etc/rc.local Compatibility...
[[0;32m  OK  [0m] Started D-Bus System Message Bus.
[979]: ci-info: | enp0s8 | False |             .              |       .       |   .    | 08:00:27:3d:40:3b |
[   21.411211] cloud-init[979]: ci-info: |   lo   |  True |         127.0.0.1          |   255.0.0.0   |  host  |         .         |
[   21.426725] cloud-init[979]: ci-info: |   lo   |  True |          ::1/128           |       .       |  host  |         .         |
[   21.443127] cloud-init[979]: ci-info: +--------+-------+----------------------------+---------------+--------+-------------------+
[   21.455517] cloud-init[979]: ci-info: +++++++++++++++++++++++++++Route IPv4 info++++++++++++++++++++++++++++
[   21.468008] cloud-init[979]: ci-info: +-------+-------------+----------+---------------+-----------+-------+
[   21.482283] cloud-init[979]: ci-info: | Route | Destination | Gateway  |    Genmask    | Interface | Flags |
[   21.494070] cloud-init[979]: ci-info: +-------+-------------+----------+---------------+-----------+-------+
[   21.506128] cloud-init[979]: ci-info: |   0   |   0.0.0.0   | 10.0.2.2 |    0.0.0.0    |   enp0s3  |   UG  |         Starting LSB: Record successful boot for GRUB...
         Starting A high performance web server and a reverse proxy server...
[[0;32m  OK  [0m] Started Deferred execution scheduler.
         Starting Virtualbox guest utils...

         Starting Message of the Day...
[[0;32m  OK  [0m] Started ACPI event daemon.
         Starting Login Service...
[   21.537249] cloud-init[979]: ci-info: |   1   |   10.0.2.0  | 0.0.0.0  | 255.255.255.0 |   enp0s3  |   U   |
         Starting Snap Daemon...
[   21.556749] cloud-init[979]: ci-info: +-------+-------------+----------+---------------+-----------+-------+
         Starting OpenBSD Secure Shell server...
         Starting System Logging Service...
         Starting LSB: MD monitoring daemon...
         Starting LXD - container startup/shutdown...
[[0;32m  OK  [0m] Started /etc/rc.local Compatibility.
[[0;32m  OK  [0m] Started Message of the Day.
[   21.564506] cloud-init[979]: ci-info: +++++++++++++++++++Route IPv6 info+++++++++++++++++++
         Starting Authenticate and Authorize Users to Run Privileged Tasks...
[[0;32m  OK  [0m] Started iSCSI initiator daemon (iscsid).
[[0;32m  OK  [0m] Started Login Service.
[[0;32m  OK  [0m] Started Unattended Upgrades Shutdown.
         Starting Login to default iSCSI targets...
[   21.619826] cloud-init[979]: ci-info: +-------+-------------+---------+-----------+-------+
[[0;32m  OK  [0m] Started LSB: Record successful boot for GRUB.
[   21.651698] cloud-init[979]: ci-info: | Route | Destination | Gateway | Interface | Flags |
[   21.676961] cloud-init[979]: ci-info: +-------+-------------+---------+-----------+-------+
[[0;32m  OK  [0m] Started LSB: MD monitoring daemon.
[   21.698261] cloud-init[979]: ci-info: |   0   |  fe80::/64  |    ::   |   enp0s3  |   U   |
[   21.707609] cloud-init[979]: ci-info: |   3   |   ff00::/8  |    ::   |   enp0s3  |   U   |
[   21.714374] cloud-init[979]: ci-info: +-------+-------------+---------+-----------+-------+
[[0;32m  OK  [0m] Started System Logging Service.
[[0;32m  OK  [0m] Started OpenBSD Secure Shell server.
[[0;32m  OK  [0m] Started Login to default iSCSI targets.
[[0;32m  OK  [0m] Started Authenticate and Authorize Users to Run Privileged Tasks.
[[0;32m  OK  [0m] Started Accounts Service.
[[0;32m  OK  [0m] Reached target Remote File Systems (Pre).
         Mounting /vagrant...
[[0;1;31mFAILED[0m] Failed to mount /vagrant.
See 'systemctl status vagrant.mount' for details.
[[0;1;33mDEPEND[0m] Dependency failed for Remote File Systems.
         Starting LSB: Set the CPU Frequency Scaling governor to "ondemand"...
         Starting LSB: daemon to balance interrupts for SMP systems...
         Starting Permit User Sessions...
         Starting LSB: automatic crash report generation...
[[0;32m  OK  [0m] Started Permit User Sessions.
         Starting Hold until boot process finishes up...
         Starting Terminate Plymouth Boot Screen...
[[0;32m  OK  [0m] Started Virtualbox guest utils.
[[0;32m  OK  [0m] Started Hold until boot process finishes up.
[[0;32m  OK  [0m] Started Terminate Plymouth Boot Screen.
[[0;32m  OK  [0m] Started Getty on tty1.
[[0;32m  OK  [0m] Started Serial Getty on ttyS0.
[[0;32m  OK  [0m] Reached target Login Prompts.
         Starting Set console scheme...
[[0;32m  OK  [0m] Started LSB: Set the CPU Frequency Scaling governor to "ondemand".
[[0;32m  OK  [0m] Started LSB: daemon to balance interrupts for SMP systems.
[[0;32m  OK  [0m] Started Set console scheme.
[[0;32m  OK  [0m] Started A high performance web server and a reverse proxy server.
[[0;32m  OK  [0m] Started LSB: automatic crash report generation.
[[0;32m  OK  [0m] Started LXD - container startup/shutdown.
[[0;32m  OK  [0m] Started Snap Daemon.
         Starting Wait until snapd is fully seeded...
[[0;32m  OK  [0m] Started Wait until snapd is fully seeded.
         Starting Apply the settings specified in cloud-config...
[[0;32m  OK  [0m] Reached target Multi-User System.
[[0;32m  OK  [0m] Reached target Graphical Interface.
         Starting Update UTMP about System Runlevel Changes...
[[0;32m  OK  [0m] Started Update UTMP about System Runlevel Changes.
[   23.334712] cloud-init[1258]: Cloud-init v. 21.1-19-gbad84ad4-0ubuntu1~16.04.2 running 'modules:config' at Wed, 08 Feb 2023 10:37:50 +0000. Up 23.22 seconds.
[[0;32m  OK  [0m] Started Apply the settings specified in cloud-config.
         Starting Execute cloud user/final scripts...
[   23.766031] cloud-init[1273]: Cloud-init v. 21.1-19-gbad84ad4-0ubuntu1~16.04.2 running 'modules:final' at Wed, 08 Feb 2023 10:37:50 +0000. Up 23.65 seconds.
[   23.777845] cloud-init[1273]: Cloud-init v. 21.1-19-gbad84ad4-0ubuntu1~16.04.2 finished at Wed, 08 Feb 2023 10:37:50 +0000. Datasource DataSourceNoCloud [seed=/dev/sdb][dsmode=net].  Up 23.75 seconds
[[0;32m  OK  [0m] Started Execute cloud user/final scripts.
         Starting Daily apt download activities...
[[0;32m  OK  [0m] Reached target Cloud-init target.
[[0;32m  OK  [0m] Created slice User Slice of vagrant.
[[0;32m  OK  [0m] Started Session 1 of user vagrant.
         Starting User Manager for UID 1000...
[[0;32m  OK  [0m] Started User Manager for UID 1000.

Ubuntu 16.04.7 LTS ubuntu-xenial ttyS0

ubuntu-xenial login: 