[    0.000000] Linux version 4.15.0-202-generic (buildd@lcy02-amd64-115) (gcc version 7.5.0 (Ubuntu 7.5.0-3ubuntu1~18.04)) #213-Ubuntu SMP Thu Jan 5 19:19:12 UTC 2023 (Ubuntu 4.15.0-202.213-generic 4.15.18)
[    0.000000] Command line: BOOT_IMAGE=/boot/vmlinuz-4.15.0-202-generic root=LABEL=cloudimg-rootfs ro console=tty1 console=ttyS0
[    0.000000] KERNEL supported cpus:
[    0.000000]   Intel GenuineIntel
[    0.000000]   AMD AuthenticAMD
[    0.000000]   Centaur CentaurHauls
[    0.000000] [Firmware Bug]: TSC doesn't count with P0 frequency!
[    0.000000] x86/fpu: x87 FPU will use FXSAVE
[    0.000000] e820: BIOS-provided physical RAM map:
[    0.000000] BIOS-e820: [mem 0x0000000000000000-0x000000000009fbff] usable
[    0.000000] BIOS-e820: [mem 0x000000000009fc00-0x000000000009ffff] reserved
[    0.000000] BIOS-e820: [mem 0x00000000000f0000-0x00000000000fffff] reserved
[    0.000000] BIOS-e820: [mem 0x0000000000100000-0x000000003ffeffff] usable
[    0.000000] BIOS-e820: [mem 0x000000003fff0000-0x000000003fffffff] ACPI data
[    0.000000] BIOS-e820: [mem 0x00000000fec00000-0x00000000fec00fff] reserved
[    0.000000] BIOS-e820: [mem 0x00000000fee00000-0x00000000fee00fff] reserved
[    0.000000] BIOS-e820: [mem 0x00000000fffc0000-0x00000000ffffffff] reserved
[    0.000000] NX (Execute Disable) protection: active
[    0.000000] SMBIOS 2.5 present.
[    0.000000] DMI: innotek GmbH VirtualBox/VirtualBox, BIOS VirtualBox 12/01/2006
[    0.000000] Hypervisor detected: KVM
[    0.000000] e820: last_pfn = 0x3fff0 max_arch_pfn = 0x400000000
[    0.000000] MTRR: Disabled
[    0.000000] x86/PAT: MTRRs disabled, skipping PAT initialization too.
[    0.000000] CPU MTRRs all blank - virtualized system.
[    0.000000] x86/PAT: Configuration [0-7]: WB  WT  UC- UC  WB  WT  UC- UC  
[    0.000000] found SMP MP-table at [mem 0x0009fff0-0x0009ffff]
[    0.000000] Scanning 1 areas for low memory corruption
[    0.000000] RAMDISK: [mem 0x359c9000-0x36cdbfff]
[    0.000000] ACPI: Early table checksum verification disabled
[    0.000000] ACPI: RSDP 0x00000000000E0000 000024 (v02 VBOX  )
[    0.000000] ACPI: XSDT 0x000000003FFF0030 00003C (v01 VBOX   VBOXXSDT 00000001 ASL  00000061)
[    0.000000] ACPI: FACP 0x000000003FFF00F0 0000F4 (v04 VBOX   VBOXFACP 00000001 ASL  00000061)
[    0.000000] ACPI: DSDT 0x000000003FFF0470 002325 (v02 VBOX   VBOXBIOS 00000002 INTL 20100528)
[    0.000000] ACPI: FACS 0x000000003FFF0200 000040
[    0.000000] ACPI: FACS 0x000000003FFF0200 000040
[    0.000000] ACPI: APIC 0x000000003FFF0240 00005C (v02 VBOX   VBOXAPIC 00000001 ASL  00000061)
[    0.000000] ACPI: SSDT 0x000000003FFF02A0 0001CC (v01 VBOX   VBOXCPUT 00000002 INTL 20100528)
[    0.000000] ACPI: Reserving FACP table memory at [mem 0x3fff00f0-0x3fff01e3]
[    0.000000] ACPI: Reserving DSDT table memory at [mem 0x3fff0470-0x3fff2794]
[    0.000000] ACPI: Reserving FACS table memory at [mem 0x3fff0200-0x3fff023f]
[    0.000000] ACPI: Reserving FACS table memory at [mem 0x3fff0200-0x3fff023f]
[    0.000000] ACPI: Reserving APIC table memory at [mem 0x3fff0240-0x3fff029b]
[    0.000000] ACPI: Reserving SSDT table memory at [mem 0x3fff02a0-0x3fff046b]
[    0.000000] No NUMA configuration found
[    0.000000] Faking a node at [mem 0x0000000000000000-0x000000003ffeffff]
[    0.000000] NODE_DATA(0) allocated [mem 0x3ffc5000-0x3ffeffff]
[    0.000000] kvm-clock: cpu 0, msr 0:3ff44001, primary cpu clock
[    0.000000] kvm-clock: Using msrs 4b564d01 and 4b564d00
[    0.000000] kvm-clock: using sched offset of 4538903005 cycles
[    0.000000] clocksource: kvm-clock: mask: 0xffffffffffffffff max_cycles: 0x1cd42e4dffb, max_idle_ns: 881590591483 ns
[    0.000000] Zone ranges:
[    0.000000]   DMA      [mem 0x0000000000001000-0x0000000000ffffff]
[    0.000000]   DMA32    [mem 0x0000000001000000-0x000000003ffeffff]
[    0.000000]   Normal   empty
[    0.000000]   Device   empty
[    0.000000] Movable zone start for each node
[    0.000000] Early memory node ranges
[    0.000000]   node   0: [mem 0x0000000000001000-0x000000000009efff]
[    0.000000]   node   0: [mem 0x0000000000100000-0x000000003ffeffff]
[    0.000000] Reserved but unavailable: 104 pages
[    0.000000] Initmem setup node 0 [mem 0x0000000000001000-0x000000003ffeffff]
[    0.000000] ACPI: PM-Timer IO Port: 0x4008
[    0.000000] IOAPIC[0]: apic_id 2, version 32, address 0xfec00000, GSI 0-23
[    0.000000] ACPI: INT_SRC_OVR (bus 0 bus_irq 0 global_irq 2 dfl dfl)
[    0.000000] ACPI: INT_SRC_OVR (bus 0 bus_irq 9 global_irq 9 low level)
[    0.000000] Using ACPI (MADT) for SMP configuration information
[    0.000000] smpboot: Allowing 2 CPUs, 0 hotplug CPUs
[    0.000000] PM: Registered nosave memory: [mem 0x00000000-0x00000fff]
[    0.000000] PM: Registered nosave memory: [mem 0x0009f000-0x0009ffff]
[    0.000000] PM: Registered nosave memory: [mem 0x000a0000-0x000effff]
[    0.000000] PM: Registered nosave memory: [mem 0x000f0000-0x000fffff]
[    0.000000] e820: [mem 0x40000000-0xfebfffff] available for PCI devices
[    0.000000] Booting paravirtualized kernel on KVM
[    0.000000] clocksource: refined-jiffies: mask: 0xffffffff max_cycles: 0xffffffff, max_idle_ns: 7645519600211568 ns
[    0.000000] setup_percpu: NR_CPUS:8192 nr_cpumask_bits:2 nr_cpu_ids:2 nr_node_ids:1
[    0.000000] percpu: Embedded 50 pages/cpu s167936 r8192 d28672 u1048576
[    0.000000] PV qspinlock hash table entries: 256 (order: 0, 4096 bytes)
[    0.000000] Built 1 zonelists, mobility grouping on.  Total pages: 257913
[    0.000000] Policy zone: DMA32
[    0.000000] Kernel command line: BOOT_IMAGE=/boot/vmlinuz-4.15.0-202-generic root=LABEL=cloudimg-rootfs ro console=tty1 console=ttyS0
[    0.000000] Memory: 982648K/1048120K available (12300K kernel code, 2477K rwdata, 4320K rodata, 2472K init, 2720K bss, 65472K reserved, 0K cma-reserved)
[    0.000000] SLUB: HWalign=64, Order=0-3, MinObjects=0, CPUs=2, Nodes=1
[    0.000000] ftrace: allocating 39478 entries in 155 pages
[    0.004000] Hierarchical RCU implementation.
[    0.004000] 	RCU restricting CPUs from NR_CPUS=8192 to nr_cpu_ids=2.
[    0.004000] 	Tasks RCU enabled.
[    0.004000] RCU: Adjusting geometry for rcu_fanout_leaf=16, nr_cpu_ids=2
[    0.004000] NR_IRQS: 524544, nr_irqs: 440, preallocated irqs: 16
[    0.004000] Console: colour VGA+ 80x25
[    0.004000] console [tty1] enabled
[    0.004000] console [ttyS0] enabled
[    0.004000] ACPI: Core revision 20170831
[    0.004000] ACPI: 2 ACPI AML tables successfully acquired and loaded
[    0.004000] APIC: Switch to symmetric I/O mode setup
[    0.004000] ..TIMER: vector=0x30 apic1=0 pin1=2 apic2=-1 pin2=-1
[    0.004010] tsc: Detected 3194.046 MHz processor
[    0.008010] Calibrating delay loop (skipped) preset value.. 6388.09 BogoMIPS (lpj=12776184)
[    0.012010] pid_max: default: 32768 minimum: 301
[    0.016187] Security Framework initialized
[    0.020010] Yama: becoming mindful.
[    0.024151] AppArmor: AppArmor initialized
[    0.037484] Dentry cache hash table entries: 131072 (order: 8, 1048576 bytes)
[    0.045773] Inode-cache hash table entries: 65536 (order: 7, 524288 bytes)
[    0.048185] Mount-cache hash table entries: 2048 (order: 2, 16384 bytes)
[    0.052157] Mountpoint-cache hash table entries: 2048 (order: 2, 16384 bytes)
[    0.060311] Last level iTLB entries: 4KB 1024, 2MB 1024, 4MB 512
[    0.064010] Last level dTLB entries: 4KB 1536, 2MB 1536, 4MB 768, 1GB 0
[    0.068010] Spectre V1 : Mitigation: usercopy/swapgs barriers and __user pointer sanitization
[    0.072009] Spectre V2 : Mitigation: Retpolines
[    0.076007] Spectre V2 : Spectre v2 / SpectreRSB mitigation: Filling RSB on context switch
[    0.080205] Freeing SMP alternatives memory: 36K
[    0.202360] APIC calibration not consistent with PM-Timer: 101ms instead of 100ms
[    0.204000] APIC delta adjusted to PM-Timer: 6316991 (6384034)
[    0.204548] smpboot: CPU0: AMD Ryzen 5 1600 Six-Core Processor (family: 0x17, model: 0x1, stepping: 0x1)
[    0.209082] Performance Events: PMU not available due to virtualization, using software events only.
[    0.212210] Hierarchical SRCU implementation.
[    0.220475] NMI watchdog: Perf event create on CPU 0 failed with -2
[    0.224010] NMI watchdog: Perf NMI watchdog permanently disabled
[    0.228441] smp: Bringing up secondary CPUs ...
[    0.236479] x86: Booting SMP configuration:
[    0.240010] .... node  #0, CPUs:      #1
[    0.004000] kvm-clock: cpu 1, msr 0:3ff44041, secondary cpu clock
[    0.256000] TSC synchronization [CPU#0 -> CPU#1]:
[    0.256000] Measured 103997 cycles TSC warp between CPUs, turning off TSC clock.
[    0.256000] tsc: Marking TSC unstable due to check_tsc_sync_source failed
[    0.260327] smp: Brought up 1 node, 2 CPUs
[    0.264015] smpboot: Max logical packages: 1
[    0.268014] smpboot: Total of 2 processors activated (12776.18 BogoMIPS)
[    0.276274] devtmpfs: initialized
[    0.280727] x86/mm: Memory block size: 128MB
[    0.288700] evm: security.selinux
[    0.296007] evm: security.SMACK64
[    0.304005] evm: security.SMACK64EXEC
[    0.308005] evm: security.SMACK64TRANSMUTE
[    0.316010] evm: security.SMACK64MMAP
[    0.324005] evm: security.apparmor
[    0.328008] evm: security.ima
[    0.332007] evm: security.capability
[    0.340427] clocksource: jiffies: mask: 0xffffffff max_cycles: 0xffffffff, max_idle_ns: 7645041785100000 ns
[    0.356019] futex hash table entries: 512 (order: 3, 32768 bytes)
[    0.364576] pinctrl core: initialized pinctrl subsystem
[    0.376632] RTC time: 17:16:26, date: 02/13/23
[    0.385960] NET: Registered protocol family 16
[    0.392244] audit: initializing netlink subsys (disabled)
[    0.400318] audit: type=2000 audit(1676308591.690:1): state=initialized audit_enabled=0 res=1
[    0.408016] cpuidle: using governor ladder
[    0.412030] cpuidle: using governor menu
[    0.423197] ACPI: bus type PCI registered
[    0.424007] acpiphp: ACPI Hot Plug PCI Controller Driver version: 0.5
[    0.428752] PCI: Using configuration type 1 for base access
[    0.432008] PCI: Using configuration type 1 for extended access
[    0.440518] HugeTLB registered 2.00 MiB page size, pre-allocated 0 pages
[    0.456331] ACPI: Added _OSI(Module Device)
[    0.460009] ACPI: Added _OSI(Processor Device)
[    0.464013] ACPI: Added _OSI(3.0 _SCP Extensions)
[    0.468012] ACPI: Added _OSI(Processor Aggregator Device)
[    0.472012] ACPI: Added _OSI(Linux-Dell-Video)
[    0.476013] ACPI: Added _OSI(Linux-Lenovo-NV-HDMI-Audio)
[    0.480014] ACPI: Added _OSI(Linux-HPI-Hybrid-Graphics)
[    0.485224] ACPI: Executed 1 blocks of module-level executable AML code
[    0.496501] ACPI: Interpreter enabled
[    0.500039] ACPI: (supports S0 S5)
[    0.504009] ACPI: Using IOAPIC for interrupt routing
[    0.508606] PCI: Using host bridge windows from ACPI; if necessary, use "pci=nocrs" and report a bug
[    0.516368] ACPI: Enabled 2 GPEs in block 00 to 07
[    0.539086] ACPI: PCI Root Bridge [PCI0] (domain 0000 [bus 00-ff])
[    0.540026] acpi PNP0A03:00: _OSC: OS supports [ExtendedConfig ASPM ClockPM Segments MSI]
[    0.549069] acpi PNP0A03:00: _OSC: platform does not support [PCIeCapability]
[    0.553090] acpi PNP0A03:00: _OSC: not requesting control; platform does not support [PCIeCapability]
[    0.556014] acpi PNP0A03:00: _OSC: OS requested [PCIeHotplug PME AER PCIeCapability]
[    0.560011] acpi PNP0A03:00: _OSC: platform willing to grant [PCIeHotplug PME AER]
[    0.564014] acpi PNP0A03:00: _OSC failed (AE_SUPPORT); disabling ASPM
[    0.569118] PCI host bridge to bus 0000:00
[    0.572014] pci_bus 0000:00: root bus resource [io  0x0000-0x0cf7 window]
[    0.576013] pci_bus 0000:00: root bus resource [io  0x0d00-0xffff window]
[    0.580012] pci_bus 0000:00: root bus resource [mem 0x000a0000-0x000bffff window]
[    0.584012] pci_bus 0000:00: root bus resource [mem 0x40000000-0xfdffffff window]
[    0.588014] pci_bus 0000:00: root bus resource [bus 00-ff]
[    0.604769] pci 0000:00:01.1: legacy IDE quirk: reg 0x10: [io  0x01f0-0x01f7]
[    0.608011] pci 0000:00:01.1: legacy IDE quirk: reg 0x14: [io  0x03f6]
[    0.612010] pci 0000:00:01.1: legacy IDE quirk: reg 0x18: [io  0x0170-0x0177]
[    0.616013] pci 0000:00:01.1: legacy IDE quirk: reg 0x1c: [io  0x0376]
[    0.642762] pci 0000:00:07.0: quirk: [io  0x4000-0x403f] claimed by PIIX4 ACPI
[    0.644055] pci 0000:00:07.0: quirk: [io  0x4100-0x410f] claimed by PIIX4 SMB
[    0.666429] ACPI: PCI Interrupt Link [LNKA] (IRQs 5 9 10 *11)
[    0.668781] ACPI: PCI Interrupt Link [LNKB] (IRQs 5 9 *10 11)
[    0.672287] ACPI: PCI Interrupt Link [LNKC] (IRQs 5 *9 10 11)
[    0.680212] ACPI: PCI Interrupt Link [LNKD] (IRQs 5 9 10 *11)
[    0.688106] SCSI subsystem initialized
[    0.692335] pci 0000:00:02.0: vgaarb: setting as boot VGA device
[    0.696000] pci 0000:00:02.0: vgaarb: VGA device added: decodes=io+mem,owns=io+mem,locks=none
[    0.696012] pci 0000:00:02.0: vgaarb: bridge control possible
[    0.700007] vgaarb: loaded
[    0.704167] ACPI: bus type USB registered
[    0.708039] usbcore: registered new interface driver usbfs
[    0.712016] usbcore: registered new interface driver hub
[    0.720008] usbcore: registered new device driver usb
[    0.724441] EDAC MC: Ver: 3.0.0
[    0.736206] PCI: Using ACPI for IRQ routing
[    0.741402] NetLabel: Initializing
[    0.744011] NetLabel:  domain hash size = 128
[    0.748007] NetLabel:  protocols = UNLABELED CIPSOv4 CALIPSO
[    0.752025] NetLabel:  unlabeled traffic allowed by default
[    0.756474] clocksource: Switched to clocksource kvm-clock
[    0.830345] VFS: Disk quotas dquot_6.6.0
[    0.836167] VFS: Dquot-cache hash table entries: 512 (order 0, 4096 bytes)
[    0.845511] AppArmor: AppArmor Filesystem Enabled
[    0.851774] pnp: PnP ACPI init
[    0.858497] pnp: PnP ACPI: found 3 devices
[    0.915442] clocksource: acpi_pm: mask: 0xffffff max_cycles: 0xffffff, max_idle_ns: 2085701024 ns
[    0.926803] NET: Registered protocol family 2
[    0.934260] IP idents hash table entries: 16384 (order: 5, 131072 bytes)
[    0.943337] TCP established hash table entries: 8192 (order: 4, 65536 bytes)
[    0.953026] TCP bind hash table entries: 8192 (order: 5, 131072 bytes)
[    0.962353] TCP: Hash tables configured (established 8192 bind 8192)
[    0.971456] UDP hash table entries: 512 (order: 2, 16384 bytes)
[    0.978841] UDP-Lite hash table entries: 512 (order: 2, 16384 bytes)
[    0.986520] NET: Registered protocol family 1
[    0.992411] pci 0000:00:00.0: Limiting direct PCI/PCI transfers
[    0.999634] pci 0000:00:01.0: Activating ISA DMA hang workarounds
[    1.007232] pci 0000:00:02.0: Video device with shadowed ROM at [mem 0x000c0000-0x000dffff]
[    1.018222] Unpacking initramfs...
[    1.681789] Freeing initrd memory: 19532K
[    1.695007] clocksource: tsc: mask: 0xffffffffffffffff max_cycles: 0x2e0a51d526a, max_idle_ns: 440795343137 ns
[    1.709642] platform rtc_cmos: registered platform RTC device (no PNP device found)
[    1.722446] Scanning for low memory corruption every 60 seconds
[    1.737209] Initialise system trusted keyrings
[    1.745704] Key type blacklist registered
[    1.754540] workingset: timestamp_bits=36 max_order=18 bucket_order=0
[    1.768451] zbud: loaded
[    1.775966] squashfs: version 4.0 (2009/01/31) Phillip Lougher
[    1.786676] fuse init (API version 7.26)
[    1.842608] Key type asymmetric registered
[    1.849330] Asymmetric key parser 'x509' registered
[    1.857122] Block layer SCSI generic (bsg) driver version 0.4 loaded (major 246)
[    1.867523] io scheduler noop registered
[    1.872247] io scheduler deadline registered
[    1.877678] io scheduler cfq registered (default)
[    1.883919] ACPI: AC Adapter [AC] (on-line)
[    1.888999] input: Power Button as /devices/LNXSYSTM:00/LNXPWRBN:00/input/input0
[    1.897760] ACPI: Power Button [PWRF]
[    1.902814] input: Sleep Button as /devices/LNXSYSTM:00/LNXSLPBN:00/input/input1
[    1.911287] ACPI: Sleep Button [SLPF]
[    1.917262] Serial: 8250/16550 driver, 32 ports, IRQ sharing enabled
[    1.955193] 00:02: ttyS0 at I/O 0x3f8 (irq = 4, base_baud = 115200) is a 16550A
[    1.986433] Linux agpgart interface v0.103
[    2.008747] loop: module loaded
[    2.016839] scsi host0: ata_piix
[    2.022706] scsi host1: ata_piix
[    2.027441] ata1: PATA max UDMA/33 cmd 0x1f0 ctl 0x3f6 bmdma 0xd000 irq 14
[    2.036080] ata2: PATA max UDMA/33 cmd 0x170 ctl 0x376 bmdma 0xd008 irq 15
[    2.045194] tun: Universal TUN/TAP device driver, 1.6
[    2.053125] PPP generic driver version 2.4.2
[    2.059870] ehci_hcd: USB 2.0 'Enhanced' Host Controller (EHCI) Driver
[    2.069423] ehci-pci: EHCI PCI platform driver
[    2.075636] ehci-platform: EHCI generic platform driver
[    2.083194] ohci_hcd: USB 1.1 'Open' Host Controller (OHCI) Driver
[    2.090971] ohci-pci: OHCI PCI platform driver
[    2.096926] ohci-platform: OHCI generic platform driver
[    2.103478] uhci_hcd: USB Universal Host Controller Interface driver
[    2.111568] i8042: PNP: PS/2 Controller [PNP0303:PS2K,PNP0f03:PS2M] at 0x60,0x64 irq 1,12
[    2.126305] serio: i8042 KBD port at 0x60,0x64 irq 1
[    2.133458] serio: i8042 AUX port at 0x60,0x64 irq 12
[    2.141213] mousedev: PS/2 mouse device common for all mice
[    2.151523] input: AT Translated Set 2 keyboard as /devices/platform/i8042/serio0/input/input2
[    2.152633] rtc_cmos rtc_cmos: rtc core: registered rtc_cmos as rtc0
[    2.171644] rtc_cmos rtc_cmos: alarms up to one day, 114 bytes nvram
[    2.179248] i2c /dev entries driver
[    2.183166] device-mapper: uevent: version 1.0.3
[    2.190111] device-mapper: ioctl: 4.37.0-ioctl (2017-09-20) initialised: dm-devel@redhat.com
[    2.200804] ledtrig-cpu: registered to indicate activity on CPUs
[    2.249333] NET: Registered protocol family 10
[    2.269386] Segment Routing with IPv6
[    2.275364] NET: Registered protocol family 17
[    2.281771] Key type dns_resolver registered
[    2.292432] mce: Using 0 MCE banks
[    2.298201] RAS: Correctable Errors collector initialized.
[    2.306097] sched_clock: Marking stable (2306003699, 0)->(3371000732, -1064997033)
[    2.322088] registered taskstats version 1
[    2.327714] Loading compiled-in X.509 certificates
[    2.341181] Loaded X.509 cert 'Build time autogenerated kernel key: f114f3958ed3c37ba1924ca66ae8368f3c35b0e4'
[    2.354373] Loaded X.509 cert 'Canonical Ltd. Live Patch Signing: 14df34d1a87cf37625abec039ef2bf521249b969'
[    2.366436] Loaded X.509 cert 'Canonical Ltd. Kernel Module Signing: 88f752e560a1e0737e31163a466ad7b70a850c19'
[    2.378182] blacklist: Loading compiled-in revocation X.509 certificates
[    2.386082] Loaded X.509 cert 'Canonical Ltd. Secure Boot Signing: 61482aa2830d0ab2ad5af10b7250da9033ddcef0'
[    2.397651] zswap: loaded using pool lzo/zbud
[    2.415598] Key type big_key registered
[    2.420712] Key type trusted registered
[    2.430232] Key type encrypted registered
[    2.435666] AppArmor: AppArmor sha1 policy hashing enabled
[    2.442280] ima: No TPM chip found, activating TPM-bypass! (rc=-19)
[    2.449869] ima: Allocated hash algorithm: sha1
[    2.455870] evm: HMAC attrs: 0x1
[    2.461447]   Magic number: 11:474:289
[    2.466479] tty tty22: hash matches
[    2.471691] rtc_cmos rtc_cmos: setting system clock to 2023-02-13 17:16:29 UTC (1676308589)
[    2.482378] BIOS EDD facility v0.16 2004-Jun-25, 0 devices found
[    2.489132] EDD information not available.
[    2.498447] Freeing unused kernel image memory: 2472K
[    2.524384] Write protecting the kernel read-only data: 20480k
[    2.533090] Freeing unused kernel image memory: 2008K
[    2.539525] Freeing unused kernel image memory: 1824K
[    2.553140] x86/mm: Checked W+X mappings: passed, no W+X pages found.
Loading, please wait...
starting version 237
[    2.647216] e1000: Intel(R) PRO/1000 Network Driver - version 7.3.21-k8-NAPI
[    2.655800] e1000: Copyright (c) 1999-2006 Intel Corporation.
[    2.665231] Fusion MPT base driver 3.04.20
[    2.671042] Copyright (c) 1999-2008 LSI Corporation
[    2.691095] Fusion MPT SPI Host driver 3.04.20
[    2.964205] input: ImExPS/2 Generic Explorer Mouse as /devices/platform/i8042/serio1/input/input4
[    3.499877] e1000 0000:00:03.0 eth0: (PCI:33MHz:32-bit) 02:47:43:72:71:6b
[    3.507689] e1000 0000:00:03.0 eth0: Intel(R) PRO/1000 Network Connection
[    4.214467] e1000 0000:00:08.0 eth1: (PCI:33MHz:32-bit) 08:00:27:71:1f:f2
[    4.222511] e1000 0000:00:08.0 eth1: Intel(R) PRO/1000 Network Connection
[    4.239264] e1000 0000:00:03.0 enp0s3: renamed from eth0
[    4.248614] mptbase: ioc0: Initiating bringup
[    4.301961] e1000 0000:00:08.0 enp0s8: renamed from eth1
[    4.371780] ioc0: LSI53C1030 A0: Capabilities={Initiator}
[    5.542740] scsi host2: ioc0: LSI53C1030 A0, FwRev=00000000h, Ports=1, MaxQ=256, IRQ=20
[    6.465853] scsi 2:0:0:0: Direct-Access     VBOX     HARDDISK         1.0  PQ: 0 ANSI: 5
[    6.512446] scsi target2:0:0: Beginning Domain Validation
[    6.525882] scsi target2:0:0: Domain Validation skipping write tests
[    6.532588] scsi target2:0:0: Ending Domain Validation
[    6.538840] scsi target2:0:0: asynchronous
[    6.545910] scsi 2:0:1:0: Direct-Access     VBOX     HARDDISK         1.0  PQ: 0 ANSI: 5
[    6.596684] scsi target2:0:1: Beginning Domain Validation
[    6.609226] scsi target2:0:1: Domain Validation skipping write tests
[    6.616197] scsi target2:0:1: Ending Domain Validation
[    6.622436] scsi target2:0:1: asynchronous
[    6.642149] sd 2:0:0:0: Attached scsi generic sg0 type 0
[    6.649395] sd 2:0:0:0: [sda] 83886080 512-byte logical blocks: (42.9 GB/40.0 GiB)
[    6.649622] sd 2:0:1:0: Attached scsi generic sg1 type 0
[    6.666089] sd 2:0:0:0: [sda] Write Protect is off
[    6.673104] sd 2:0:1:0: [sdb] 20480 512-byte logical blocks: (10.5 MB/10.0 MiB)
[    6.682425] sd 2:0:0:0: [sda] Incomplete mode parameter data
[    6.682764] sd 2:0:1:0: [sdb] Write Protect is off
[    6.689489] sd 2:0:0:0: [sda] Assuming drive cache: write through
[    6.704451] sd 2:0:1:0: [sdb] Incomplete mode parameter data
[    6.707482]  sda: sda1
[    6.711751] sd 2:0:1:0: [sdb] Assuming drive cache: write through
[    6.727187] sd 2:0:0:0: [sda] Attached SCSI disk
[    6.738638] sd 2:0:1:0: [sdb] Attached SCSI disk
Begin: Loading essential drivers ... [    9.429914] raid6: sse2x1   gen() 93147 MB/s
[   11.429272] raid6: sse2x1   xor() 155331 MB/s
[   12.435731] raid6: sse2x2   gen() 311392 MB/s
[   13.429027] raid6: sse2x2   xor() 199593 MB/s
[   14.475008] raid6: sse2x4   gen() 14853 MB/s
[   14.528989] raid6: sse2x4   xor()  7865 MB/s
[   14.534774] raid6: using algorithm sse2x2 gen() 311392 MB/s
[   14.541962] raid6: .... xor() 199593 MB/s, rmw enabled
[   14.548524] raid6: using ssse3x2 recovery algorithm
[   14.557381] xor: measuring software checksum speed
[   14.600701]    prefetch64-sse: 11857.000 MB/sec
[   14.644624]    generic_sse: 11144.000 MB/sec
[   14.650022] xor: using function: prefetch64-sse (11857.000 MB/sec)
[   14.659674] async_tx: api initialized (async)
done.
Begin: Running /scripts/init-premount ... done.
Begin: Mounting root file system ... Begin: Running /scripts/local-top ... done.
Begin: Running /scripts/local-premount ... [   14.737548] Btrfs loaded, crc32c=crc32c-intel
Scanning for Btrfs filesystems
done.
Warning: fsck not present, so skipping root file system
[   14.799199] EXT4-fs (sda1): mounted filesystem with ordered data mode. Opts: (null)
done.
Begin: Running /scripts/local-bottom ... done.
Begin: Running /scripts/init-bottom ... done.
[   15.107953] ip_tables: (C) 2000-2006 Netfilter Core Team
[   15.139555] systemd[1]: systemd 237 running in system mode. (+PAM +AUDIT +SELINUX +IMA +APPARMOR +SMACK +SYSVINIT +UTMP +LIBCRYPTSETUP +GCRYPT +GNUTLS +ACL +XZ +LZ4 +SECCOMP +BLKID +ELFUTILS +KMOD -IDN2 +IDN -PCRE2 default-hierarchy=hybrid)
[   15.163298] systemd[1]: Detected virtualization oracle.
[   15.169887] systemd[1]: Detected architecture x86-64.

Welcome to [1mUbuntu 18.04.6 LTS[0m!

[   15.213904] systemd[1]: Set hostname to <ubuntu>.
[   15.227103] random: systemd: uninitialized urandom read (16 bytes read)
[   15.234258] systemd[1]: Initializing machine ID from random generator.
[   15.241228] systemd[1]: Installed transient /etc/machine-id file.
[   15.648392] random: systemd: uninitialized urandom read (16 bytes read)
[   15.655947] systemd[1]: Reached target User and Group Name Lookups.
[[0;32m  OK  [0m] Reached target User and Group Name Lookups.
[   15.666392] random: systemd: uninitialized urandom read (16 bytes read)
[   15.674447] systemd[1]: Reached target Swap.
[[0;32m  OK  [0m] Reached target Swap.
[   15.696209] systemd[1]: Created slice System Slice.
[[0;32m  OK  [0m] Created slice System Slice.
[   15.705162] systemd[1]: Listening on Journal Audit Socket.
[[0;32m  OK  [0m] Listening on Journal Audit Socket.
[[0;32m  OK  [0m] Listening on udev Control Socket.
[[0;32m  OK  [0m] Listening on Network Service Netlink Socket.
[[0;32m  OK  [0m] Listening on Device-mapper event daemon FIFOs.
[[0;32m  OK  [0m] Listening on LVM2 metadata daemon socket.
[[0;32m  OK  [0m] Listening on udev Kernel Socket.
[[0;32m  OK  [0m] Listening on Journal Socket (/dev/log).
[[0;32m  OK  [0m] Listening on LVM2 poll daemon socket.
[[0;32m  OK  [0m] Created slice system-serial\x2dgetty.slice.
[[0;32m  OK  [0m] Listening on /dev/initctl Compatibility Named Pipe.
[[0;32m  OK  [0m] Listening on fsck to fsckd communication Socket.
[[0;32m  OK  [0m] Listening on Journal Socket.
         Mounting Huge Pages File System...
         Starting udev Coldplug all Devices...
         Starting Set the console keyboard layout...
         Starting Monitoring of LVM2 mirrors…ng dmeventd or progress polling...
         Starting Load Kernel Modules...
[[0;32m  OK  [0m] Reached target Mounting snaps.
[[0;32m  OK  [0m] Reached target Mounted snaps.
[[0;32m  OK  [0m] Listening on Syslog Socket.
         Starting Journal Service...
[[0;32m  OK  [0m] Set up automount Arbitrary Executab…rmats File System Automount Point.
[   15.870671] Loading iSCSI transport class v2.0-870.
[[0;32m  OK  [0m] Started Forward Password Requests to Wall Directory Watch.
         Starting File System Check on Root Device...
         Starting Create list of required st…ce nodes for the current kernel...
[[0;32m  OK  [0m] Created slice User and Session Slice.
         Mounting Kernel Debug File System...
[[0;32m  OK  [0m] Reached target Slices.
         Starting Uncomplicated firewall...
         Mounting POSIX Message Queue File System...
[[0;32m  OK  [0m] Reached target System Time Synchronized.
[[0;32m  OK  [0m[   15.928380] iscsi: registered transport (tcp)
] Mounted Huge Pages File System.
[[0;32m  OK  [0m] Mounted Kernel Debug File System.
[[0;32m  OK  [0m] Mounted POSIX Message Queue File System.
[[0;32m  OK  [0m] Started LVM2 metadata daemon.
[[0;32m  OK  [0m] Started File System Check Daemon to report status.
[[0;32m  OK  [0m] Started Create list of required sta…vice nodes for the current kernel.
         Starting Create Static Device Nodes in /dev...
[[0;32m  OK  [0m] Started Journal Service.
[[0;32m  OK  [0m] Started Uncomplicated firewall.
[[0;32m  OK  [0m] Started udev Coldplug all Devices.
[[0;32m  OK  [0m] Started Create Static Device Nodes in /dev.
[[0;32m  OK  [0m] Started File System Check on Root Device.
         Starting Remount Root and Kernel File Systems...
[   16.097618] iscsi: registered transport (iser)
[[0;32m  OK  [0m] Started Load Kernel Modules.
         Mounting FUSE Control File System...
         Starting Apply Kernel Variables...
         Mounting Kernel Configuration File System...
[[0;32m  OK  [0m] Mounted FUSE Control File System.
[[0;32m  OK  [0m] Mounted Kernel Configuration File System.
[[0;32m  OK  [0m] Started Monitoring of LVM2 mirrors,…sing dmeventd or progress polling.
[[0;32m  OK  [0m] Started Remount Root and Kernel File Systems.
         Starting udev Kernel Device Manager...
         Starting Flush Journal to Persistent Storage...
         Starting Load/Save Random Seed...
[[0;32m  OK  [0m] Started Apply Kernel Variables.
[[0;32m  OK  [0m] Started udev Kernel Device Manager.
[[0;32m  OK  [0m] Started Load/Save Random Seed.
[[0;32m  OK  [0m] Started Flush Journal to Persistent Storage.
[[0;32m  OK  [0m] Found device /dev/ttyS0.
[[0;32m  OK  [0m] Listening on Load/Save RF Kill Switch Status /dev/rfkill Watch.
[[0;32m  OK  [0m] Started Set the console keyboard layout.
[[0;32m  OK  [0m] Reached target Local File Systems (Pre).
[[0;32m  OK  [0m] Reached target Local File Systems.
         Starting Tell Plymouth To Write Out Runtime Data...
         Starting AppArmor initialization...
         Starting Commit a transient machine-id on disk...
         Starting ebtables ruleset management...
         Starting Create Volatile Files and Directories...
         Starting Set console font and keymap...
[[0;32m  OK  [0m] Started Dispatch Password Requests to Console Directory Watch.
[[0;32m  OK  [0m] Reached target Local Encrypted Volumes.
[[0;32m  OK  [0m] Started Tell Plymouth To Write Out Runtime Data.
[[0;32m  OK  [0m] Started Create Volatile Files and Directories.
         Starting Update UTMP about System Boot/Shutdown...
[[0;32m  OK  [0m] Started Commit a transient machine-id on disk.
[[0;32m  OK  [0m] Started Update UTMP about System Boot/Shutdown.
[[0;32m  OK  [0m] Started ebtables ruleset management.
         Mounting Arbitrary Executable File Formats File System...
[[0;32m  OK  [0m] Mounted Arbitrary Executable File Formats File System.
[[0;32m  OK  [0m] Started AppArmor initialization.
         Starting Load AppArmor profiles managed internally by snapd...
         Starting Initial cloud-init job (pre-networking)...
[[0;32m  OK  [0m] Started Load AppArmor profiles managed internally by snapd.
[[0;32m  OK  [0m] Started Set console font and keymap.
[   21.334857] cloud-init[745]: Cloud-init v. 22.4.2-0ubuntu0~18.04.1 running 'init-local' at Mon, 13 Feb 2023 17:16:47 +0000. Up 20.78 seconds.
[[0;32m  OK  [0m] Started Initial cloud-init job (pre-networking).
[[0;32m  OK  [0m] Reached target Network (Pre).
         Starting Network Service...
[[0;32m  OK  [0m] Started Network Service.
         Starting Wait for Network to be Configured...
         Starting Network Name Resolution...
[[0;32m  OK  [0m] Started Network Name Resolution.
[[0;32m  OK  [0m] Reached target Network.
[[0;32m  OK  [0m] Reached target Host and Network Name Lookups.
[[0;32m  OK  [0m] Started Wait for Network to be Configured.
         Starting Initial cloud-init job (metadata service crawler)...
[   23.640522] cloud-init[900]: Cloud-init v. 22.4.2-0ubuntu0~18.04.1 running 'init' at Mon, 13 Feb 2023 17:16:50 +0000. Up 23.46 seconds.
[   23.651416] cloud-init[900]: ci-info: ++++++++++++++++++++++++++++++++++++++Net device info+++++++++++++++++++++++++++++++++++++++
[   23.660820] cloud-init[900]: ci-info: +--------+-------+----------------------------+---------------+--------+-------------------+
[   23.669214] cloud-init[900]: ci-info: | Device |   Up  |          Address           |      Mask     | Scope  |     Hw-Address    |
[   23.678089] cloud-init[900]: ci-info: +--------+-------+----------------------------+---------------+--------+-------------------+
[   23.688654] cloud-init[900]: ci-info: | enp0s3 |  True |         10.0.2.15          | 255.255.255.0 | global | 02:47:43:72:71:6b |
[   23.697983] cloud-init[900]: ci-info: | enp0s3 |  True | fe80::47:43ff:fe72:716b/64 |       .       |  link  | 02:47:43:72:71:6b |
[   23.706246] cloud-init[900]: ci-info: | enp0s8 | False |             .              |       .       |   .    | 08:00:27:71:1f:f2 |
[   23.714865] cloud-init[900]: ci-info: |   lo   |  True |         127.0.0.1          |   255.0.0.0   |  host  |         .         |
[   23.723283] cloud-init[900]: ci-info: |   lo   |  True |          ::1/128           |       .       |  host  |         .         |
[   23.731889] cloud-init[900]: ci-info: +--------+-------+----------------------------+---------------+--------+-------------------+
[   23.740137] cloud-init[900]: ci-info: ++++++++++++++++++++++++++++Route IPv4 info+++++++++++++++++++++++++++++
[   23.747541] cloud-init[900]: ci-info: +-------+-------------+----------+-----------------+-----------+-------+
[   23.755743] cloud-init[900]: ci-info: | Route | Destination | Gateway  |     Genmask     | Interface | Flags |
[   23.763266] cloud-init[900]: ci-info: +-------+-------------+----------+-----------------+-----------+-------+
[   23.771363] cloud-init[900]: ci-info: |   0   |   0.0.0.0   | 10.0.2.2 |     0.0.0.0     |   enp0s3  |   UG  |
[   23.779107] cloud-init[900]: ci-info: |   1   |   10.0.2.0  | 0.0.0.0  |  255.255.255.0  |   enp0s3  |   U   |
[   23.786726] cloud-init[900]: ci-info: |   2   |   10.0.2.2  | 0.0.0.0  | 255.255.255.255 |   enp0s3  |   UH  |
[   23.794383] cloud-init[900]: ci-info: +-------+-------------+----------+-----------------+-----------+-------+
[   23.803481] cloud-init[900]: ci-info: +++++++++++++++++++Route IPv6 info+++++++++++++++++++
[   23.813413] cloud-init[900]: ci-info: +-------+-------------+---------+-----------+-------+
[   23.823612] cloud-init[900]: ci-info: | Route | Destination | Gateway | Interface | Flags |
[   23.833197] cloud-init[900]: ci-info: +-------+-------------+---------+-----------+-------+
[   23.842757] cloud-init[900]: ci-info: |   1   |  fe80::/64  |    ::   |   enp0s3  |   U   |
[   23.852676] cloud-init[900]: ci-info: |   3   |    local    |    ::   |   enp0s3  |   U   |
[   23.863693] cloud-init[900]: ci-info: |   4   |   ff00::/8  |    ::   |   enp0s3  |   U   |
[   23.873545] cloud-init[900]: ci-info: +-------+-------------+---------+-----------+-------+
[   24.701151] cloud-init[900]: Generating public/private rsa key pair.
[   24.707384] cloud-init[900]: Your identification has been saved in /etc/ssh/ssh_host_rsa_key.
[   24.714664] cloud-init[900]: Your public key has been saved in /etc/ssh/ssh_host_rsa_key.pub.
[   24.721989] cloud-init[900]: The key fingerprint is:
[   24.727970] cloud-init[900]: SHA256:EcgIRAeim4nZ+JjMjbTTG8u4LA942kjh17THJ3NKzRA root@ubuntu-bionic
[   24.735888] cloud-init[900]: The key's randomart image is:
[   24.742718] cloud-init[900]: +---[RSA 2048]----+
[   24.748520] cloud-init[900]: |.o=o.o ..        |
[   24.754159] cloud-init[900]: |.. .. o  .       |
[   24.759808] cloud-init[900]: |.      E.        |
[   24.765527] cloud-init[900]: |.B      ..       |
[   24.771269] cloud-init[900]: |Bo.  . .S        |
[   24.777359] cloud-init[900]: [[0;32m  OK  [0m] Started Initial cloud-init job (metadata service crawler).
[[0;32m  OK  [0m] Reached target Network is Online.
|*+* o o +        |
[[0;32m  OK  [0m] Reached target Remote File Systems (Pre).
[[0;32m  OK  [0m] Reached target Remote File Systems.
[   24.794693]          Starting Availability of block devices...
[[0;32m  OK  [0m] Reached target Cloud-config availability.
[[0;32m  OK  [0m] Reached target System Initialization.
[[0;32m  OK  [0m] Started Daily apt download activities.
[[0;32m  OK  [0m] Started Daily apt upgrade and clean activities.
[[0;32m  OK  [0m] Listening on cloud-init hotplug hook socket.
[[0;32m  OK  [0m] Started ACPI Events Check.
[[0;32m  OK  [0m] Reached target Paths.
[[0;32m  OK  [0m] Started Daily Cleanup of Temporary Directories.
[[0;32m  OK  [0m] Listening on UUID daemon activation socket.
         Starting LXD - unix socket.
[[0;32m  OK  [0m] Listening on D-Bus System Message Bus Socket.
[[0;32m  OK  [0m] Started Ubuntu Advantage Timer for running repeated jobs.
[[0;32m  OK  [0m] Started Message of the Day.
[[0;32m  OK  [0m] Listening on ACPID Listen Socket.
[[0;32m  OK  [0m] Started Discard unused blocks once a week.
         Starting Socket activation for snappy daemon.
[[0;32m  OK  [0m] Reached target Timers.
[[0;32m  OK  [0m] Listening on Open-iSCSI iscsid Socket.
[[0;32m  OK  [0m] Started Availability of block devices.
[[0;32m  OK  [0m] Listening on Socket activation for snappy daemon.
[[0;32m  OK  [0m] Listening on LXD - unix socket.
[[0;32m  OK  [0m] Reached target Sockets.
[[0;32m  OK  [0m] Reached target Basic System.
[[0;32m  OK  [0m] Started FUSE filesystem for LXC.
         Starting Permit User Sessions...
[[0;32m  OK  [0m] Started irqbalance daemon.
cloud-init[900]: |=Oo= o * =       |
         Starting Login Service...
         Starting LSB: automatic crash report generation...
         Starting System Logging Service...
[[0;32m  OK  [0m] Started Deferred execution scheduler.
[[0;32m  OK  [0m] Reached target Login Prompts (Pre).
         Starting LSB: Record successful boot for GRUB...
[   24.886035] cloud-init[900]: |+*= + o *        |
[   24.897481] cloud-init[900]: |+=++   .         |
[   24.916801] cloud-init[900]: +----[SHA256]-----+
[   24.922356] cloud-init[900]: Generating public/private dsa key pair.
[   24.931756] cloud-init[900]: Your identification has been saved in /etc/ssh/ssh_host_dsa_key.
[   24.941397] cloud-init[900]: Your public key has been saved in /etc/ssh/ssh_host_dsa_key.pub.
[   24.955298] cloud-init[900]: The key fingerprint is:
[   24.961598] cloud-init[900]:          Starting Snap Daemon...
[[0;32m  OK  [0m] Started D-Bus System Message Bus.
SHA256:I1nWN+vieUo84r0HvYBD58/fn3o2yB1q/adMcy28t7c root@ubuntu-bionic
[   24.978947] cloud-init[900]: The key's randomart image is:
[   24.986854] cloud-init[900]: +---[DSA 1024]----+
[   24.989269] cloud-init[900]: |                 |
[   24.992533] cloud-init[900]: |         .       |
[   24.994907] cloud-init[900]: |        o . o    |
[   24.997503] cloud-init[900]: |       +. .. o   |
[   25.000417] cloud-init[900]: |      o.S+ ..    |
[   25.003723] cloud-init[900]: |       .oo+... ..|
[   25.006533] cloud-init[900]: |        ..==o.X +|
[   25.009164] cloud-init[900]: |       . = +*B %=|
[   25.011462] cloud-init[900]: |        . *=.oOE%|
[   25.014566] cloud-init[900]: +----[SHA256]-----+
[   25.017220] cloud-init[900]: Generating public/private ecdsa key pair.
[   25.021001] cloud-init[900]: Your identification has been saved in /etc/ssh/ssh_host_ecdsa_key.
[   25.025874] cloud-init[900]: Your public key has been saved in /etc/ssh/ssh_host_ecdsa_key.pub.
[   25.030318] cloud-init[900]: The key fingerprint is:
[   25.032666] cloud-init[900]: SHA256:wu97jZGaYuElXq/1y25l9YLqwk/RvpPYozZ2xAIpvkE root@ubuntu-bionic
[   25.038542] cloud-init[900]: The key's randomart image is:
[   25.042028] cloud-init[900]: +---[ECDSA 256]---+
[   25.044708] cloud-init[900]: |                 |
[   25.049055] cloud-init[900]: |                 |
[   25.055943] cloud-init[900]: |         .       |
[   25.062988] cloud-init[900]: |     .E o  .    .|
[   25.069912] cloud-init[900]: |     oo.S..o.. ..|
[   25.077935] cloud-init[900]: |      =oo +o+ + .|
[   25.085224] cloud-init[900]: |     o O.+oX.+ . |
[   25.093724] cloud-init[900]: |      *.=oXoO.   |
[   25.105918] cloud-init[900]: |     . .+X+**+   |
[   25.112411] cloud-init[900]: +----[SHA256]-----+
[   25.119891] cloud-init[900]: Generating public/private ed25519 key pair.
[   25.129384] cloud-init[900]: Your identification has been saved in /etc/ssh/ssh_host_ed25519_key.
[   25.137863] cloud-init[900]: Your public key has been saved in /etc/ssh/ssh_host_ed25519_key.pub.
[   25.147049] cloud-init[900]: The key fingerprint is:
[   25.154517] cloud-init[900]: SHA256:ST6FtYGT4Q5iUeaf2rzKD3++DLyUu2CC2pa6g3MNUs8 root@ubuntu-bionic
[   25.163776] cloud-init[900]: The key's randomart image is:
[   25.170892] cloud-init[900]: +--[ED25519 256]--+
[   25.178522] cloud-init[900]: |    ..o .+o      |
[   25.185668] cloud-init[900]:          Starting Dispatcher daemon for systemd-networkd...
         Starting LXD - container startup/shutdown...
[[0;32m  OK  [0m] Started Regular background program processing daemon.
|     + .+o o     |
[   25.197473] cloud-init[900]: |    o o +.o      |
[   25.199937] cloud-init[900]: |  .. . * +       |
         Starting Virtualbox guest utils...
         Starting Pollinate to seed the pseudo random number generator...
[   25.203754] cloud-init[900]: | . o    S        |
[   25.219770] cloud-init[900]: |. ..E  = o       |
[   25.222748] cloud-init[900]: |...+. = B        |
[   25.225036] cloud-init[900]: |+o+ .+ = *.      |
         Starting Accounts Service...
[[0;32m  OK  [0m] Started System Logging Service.
[[0;32m  OK  [0m] Started Permit User Sessions.
[   25.234264] cloud-init[900]: |+B.   ooB++.     |
[[0;32m  OK  [0m] Started Login Service.
[[0;32m  OK  [0m] Started Unattended Upgrades Shutdown.
         Starting Hold until boot process finishes up...
         Starting Terminate Plymouth Boot Screen...
[[0;32m  OK  [0m] Started Hold until boot process finishes up.
[[0;32m  OK  [0m] Started Serial Getty on ttyS0.
[   25.271746] cloud-init[900]: +----[SHA256]-----+
         Starting Set console scheme...
[[0;32m  OK  [0m] Started Terminate Plymouth Boot Screen.
[[0;32m  OK  [0m] Started LSB: automatic crash report generation.
[[0;32m  OK  [0m] Started Set console scheme.
[[0;32m  OK  [0m] Created slice system-getty.slice.
[[0;32m  OK  [0m] Started Getty on tty1.
[[0;32m  OK  [0m] Reached target Login Prompts.
[[0;32m  OK  [0m] Started LSB: Record successful boot for GRUB.
         Starting Authorization Manager...
[[0;32m  OK  [0m] Started Virtualbox guest utils.
[[0;32m  OK  [0m] Started Authorization Manager.
[[0;32m  OK  [0m] Started Accounts Service.
[[0;32m  OK  [0m] Started LXD - container startup/shutdown.
[[0;32m  OK  [0m] Started Dispatcher daemon for systemd-networkd.
[[0;32m  OK  [0m] Started Pollinate to seed the pseudo random number generator.
         Starting OpenBSD Secure Shell server...
[[0;32m  OK  [0m] Started OpenBSD Secure Shell server.
[[0;32m  OK  [0m] Started Snap Daemon.
         Starting Wait until snapd is fully seeded...
[[0;32m  OK  [0m] Created slice User Slice of vagrant.
         Starting User Manager for UID 1000...
[[0;32m  OK  [0m] Started Session 1 of user vagrant.
[[0;32m  OK  [0m] Started User Manager for UID 1000.
         Starting Time & Date Service...
[[0;32m  OK  [0m] Started Time & Date Service.
[[0;32m  OK  [0m] Started Wait until snapd is fully seeded.
         Starting Apply the settings specified in cloud-config...
[   30.463556] cloud-init[1394]: Cloud-init v. 22.4.2-0ubuntu0~18.04.1 running 'modules:config' at Mon, 13 Feb 2023 17:16:56 +0000. Up 29.24 seconds.

Ubuntu 18.04.6 LTS ubuntu-bionic ttyS0

ubuntu-bionic login: ci-info: no authorized SSH keys fingerprints found for user ubuntu.
<14>Feb 13 17:16:58 cloud-init: #############################################################
<14>Feb 13 17:16:58 cloud-init: -----BEGIN SSH HOST KEY FINGERPRINTS-----
<14>Feb 13 17:16:58 cloud-init: 1024 SHA256:I1nWN+vieUo84r0HvYBD58/fn3o2yB1q/adMcy28t7c root@ubuntu-bionic (DSA)
<14>Feb 13 17:16:58 cloud-init: 256 SHA256:wu97jZGaYuElXq/1y25l9YLqwk/RvpPYozZ2xAIpvkE root@ubuntu-bionic (ECDSA)
<14>Feb 13 17:16:58 cloud-init: 256 SHA256:ST6FtYGT4Q5iUeaf2rzKD3++DLyUu2CC2pa6g3MNUs8 root@ubuntu-bionic (ED25519)
<14>Feb 13 17:16:58 cloud-init: 2048 SHA256:EcgIRAeim4nZ+JjMjbTTG8u4LA942kjh17THJ3NKzRA root@ubuntu-bionic (RSA)
<14>Feb 13 17:16:58 cloud-init: -----END SSH HOST KEY FINGERPRINTS-----
<14>Feb 13 17:16:58 cloud-init: #############################################################
-----BEGIN SSH HOST KEY KEYS-----
ecdsa-sha2-nistp256 AAAAE2VjZHNhLXNoYTItbmlzdHAyNTYAAAAIbmlzdHAyNTYAAABBBOdK1DeO1V5OHs+bLiUebYcuIjhv+n+DY0t4mHaY1SucodRX8+AgDW5IDk3bxs3+AwJFkY5PLIi32Fvepxzu5aQ= root@ubuntu-bionic
ssh-ed25519 AAAAC3NzaC1lZDI1NTE5AAAAIL+XZLT2z2gy6huDWklU3seZO+8uHqiPt7yEbbH7FxL+ root@ubuntu-bionic
ssh-rsa AAAAB3NzaC1yc2EAAAADAQABAAABAQDMneiv87NXogLm84Dl58hBLOSjrCDP6UkaOWiTWfLTJd3TX2CwGBwpIdGSWHDV+3Eow806ONdQSYe3LohJefSyQQMo6EdwpWnAowVJXkRGlxVLyAMrKDlOVGkvb3stT5AYTUHJ5J2bXgvXhi6yq2uB05g4kQuyp6pIHy8lqCEh17NUIRlb08H6qmiXrr8I7dSyYlDzcCzWPX7bpvgav9PFLYrdzk6cc9vaEtSVAUEosScMHwXScYfVf0BQNyYQQdQIYGfGN021fwwmPyrWhm53ExXBP8NKiIVaxFhT3it/o5J1JhkVuC+NCyhU6TF7xFqDNLqM4QOJiCGe8rE2EPFl root@ubuntu-bionic
-----END SSH HOST KEY KEYS-----
[   31.613338] cloud-init[1529]: Cloud-init v. 22.4.2-0ubuntu0~18.04.1 running 'modules:final' at Mon, 13 Feb 2023 17:16:58 +0000. Up 31.29 seconds.
[   31.623403] cloud-init[1529]: Cloud-init v. 22.4.2-0ubuntu0~18.04.1 finished at Mon, 13 Feb 2023 17:16:58 +0000. Datasource DataSourceNoCloud [seed=/dev/sdb][dsmode=net].  Up 31.60 seconds
